2024-06-25 20:35:14,423 [INFO] Activator:176 - 


2024-06-25 20:35:14,425 [INFO] Activator:177 - !SESSION log4j initialized
2024-06-25 20:35:15,529 [ERROR] LogOutputStream:75 - [STDERR_REDIRECT] 
2024-06-25 20:35:17,386 [INFO] LogOutputStream:77 - [STDOUT_REDIRECT] 
2024-06-25 20:35:30,325 [INFO] ApplicationProperties:184 - Using Application install path: /Applications/STM32CubeIDE.app/Contents/Eclipse/plugins/com.st.stm32cube.common.mx_6.11.1.202404110753
2024-06-25 20:35:30,341 [INFO] DbMcusXml:78 - Set database path to: /Applications/STM32CubeIDE.app/Contents/Eclipse/plugins/com.st.stm32cube.common.mx_6.11.1.202404110753//db//mcu/
2024-06-25 20:35:30,341 [INFO] ApiDb:274 - Set plugin database path to: /Applications/STM32CubeIDE.app/Contents/Eclipse/plugins/com.st.stm32cube.common.mx_6.11.1.202404110753//db//plugins/boardmanager/
2024-06-25 20:35:30,342 [WARN] ApiDb:259 - Overriding images path with different value:  => /Applications/STM32CubeIDE.app/Contents/Eclipse/plugins/com.st.stm32cube.common.mx_6.11.1.202404110753//db//plugins/mcufinder/images/
2024-06-25 20:35:32,854 [ERROR] LogOutputStream:75 - [STDERR_REDIRECT] [Fatal Error] :2:10: DOCTYPE is disallowed when the feature "http://apache.org/xml/features/disallow-doctype-decl" set to true.
2024-06-25 20:35:32,854 [ERROR] LogOutputStream:75 - [STDERR_REDIRECT] 
2024-06-25 20:35:33,150 [WARN] ApiFinderProperties:113 - /Users/tungnguyen/.stmcufinder/plugins/mcufinder/mcu/mcuFinder.mfd doesn't exist
2024-06-25 20:35:33,150 [INFO] ApiDb:250 - Set database path to: /Users/tungnguyen/.stmcufinder/plugins/mcufinder//mcu/
2024-06-25 20:35:33,151 [INFO] DbMcusAds:125 - Set database path to: /Users/tungnguyen/.stmcufinder/plugins/mcufinder//mcu/
2024-06-25 20:35:33,154 [INFO] CrossReferenceDbSqlite:203 - Set database path to: /Users/tungnguyen/.stmcufinder/plugins/mcufinder//mcu/cs/
2024-06-25 20:35:33,254 [INFO] RulesReader:64 - Compatibility file has been processed (297 Rules)
2024-06-25 20:35:33,326 [INFO] DbMcusXml:78 - Set database path to: /Applications/STM32CubeIDE.app/Contents/Eclipse/plugins/com.st.stm32cube.common.mx_6.11.1.202404110753//db//mcu/
2024-06-25 20:35:33,326 [INFO] ApiDb:274 - Set plugin database path to: /Applications/STM32CubeIDE.app/Contents/Eclipse/plugins/com.st.stm32cube.common.mx_6.11.1.202404110753//db//plugins/boardmanager/
2024-06-25 20:35:33,326 [INFO] ApiDb:261 - Set plugin images path to: /Applications/STM32CubeIDE.app/Contents/Eclipse/plugins/com.st.stm32cube.common.mx_6.11.1.202404110753//db//plugins/mcufinder/images/
2024-06-25 20:35:33,326 [WARN] DbFile:41 - Overriding database path with different value: /Users/tungnguyen/.stmcufinder/plugins/mcufinder/ => /Users/tungnguyen/.stmcufinder/plugins/mcufinder
2024-06-25 20:35:33,327 [INFO] ApiDb:250 - Set database path to: /Users/tungnguyen/.stmcufinder/plugins/mcufinder//mcu/
2024-06-25 20:35:33,327 [WARN] DbFile:41 - Overriding database path with different value: /Users/tungnguyen/.stmcufinder/plugins/mcufinder/ => /Users/tungnguyen/.stmcufinder/plugins/mcufinder
2024-06-25 20:35:33,327 [INFO] DbMcusAds:125 - Set database path to: /Users/tungnguyen/.stmcufinder/plugins/mcufinder//mcu/
2024-06-25 20:35:33,327 [WARN] DbFile:41 - Overriding database path with different value: /Users/tungnguyen/.stmcufinder/plugins/mcufinder/ => /Users/tungnguyen/.stmcufinder/plugins/mcufinder
2024-06-25 20:35:33,327 [WARN] DbFile:41 - Overriding database path with different value: /Users/tungnguyen/.stmcufinder/plugins/mcufinder/ => /Users/tungnguyen/.stmcufinder/plugins/mcufinder
2024-06-25 20:35:33,327 [INFO] CrossReferenceDbSqlite:203 - Set database path to: /Users/tungnguyen/.stmcufinder/plugins/mcufinder//mcu/cs/
2024-06-25 20:35:33,394 [INFO] MainPanel:264 - HeapMemory: 423624704
2024-06-25 20:35:33,459 [INFO] DbMcusXml:78 - Set database path to: /Applications/STM32CubeIDE.app/Contents/Eclipse/plugins/com.st.stm32cube.common.mx_6.11.1.202404110753//db//mcu/
2024-06-25 20:35:33,459 [INFO] ApiDb:274 - Set plugin database path to: /Applications/STM32CubeIDE.app/Contents/Eclipse/plugins/com.st.stm32cube.common.mx_6.11.1.202404110753//db//plugins/boardmanager/
2024-06-25 20:35:33,459 [INFO] ApiDb:261 - Set plugin images path to: /Applications/STM32CubeIDE.app/Contents/Eclipse/plugins/com.st.stm32cube.common.mx_6.11.1.202404110753//db//plugins/mcufinder/images/
2024-06-25 20:35:33,460 [WARN] DbFile:41 - Overriding database path with different value: /Users/tungnguyen/.stmcufinder/plugins/mcufinder/ => /Users/tungnguyen/.stmcufinder/plugins/mcufinder
2024-06-25 20:35:33,460 [INFO] ApiDb:250 - Set database path to: /Users/tungnguyen/.stmcufinder/plugins/mcufinder//mcu/
2024-06-25 20:35:33,460 [WARN] DbFile:41 - Overriding database path with different value: /Users/tungnguyen/.stmcufinder/plugins/mcufinder/ => /Users/tungnguyen/.stmcufinder/plugins/mcufinder
2024-06-25 20:35:33,460 [INFO] DbMcusAds:125 - Set database path to: /Users/tungnguyen/.stmcufinder/plugins/mcufinder//mcu/
2024-06-25 20:35:33,460 [WARN] DbFile:41 - Overriding database path with different value: /Users/tungnguyen/.stmcufinder/plugins/mcufinder/ => /Users/tungnguyen/.stmcufinder/plugins/mcufinder
2024-06-25 20:35:33,460 [WARN] DbFile:41 - Overriding database path with different value: /Users/tungnguyen/.stmcufinder/plugins/mcufinder/ => /Users/tungnguyen/.stmcufinder/plugins/mcufinder
2024-06-25 20:35:33,461 [INFO] CrossReferenceDbSqlite:203 - Set database path to: /Users/tungnguyen/.stmcufinder/plugins/mcufinder//mcu/cs/
2024-06-25 20:35:33,477 [INFO] ApplicationProperties:184 - Using Application install path: /Applications/STM32CubeIDE.app/Contents/Eclipse/plugins/com.st.stm32cube.common.mx_6.11.1.202404110753
2024-06-25 20:35:33,479 [INFO] PluginManage:196 - Search for loadable plugins [exclusion list=, ]
2024-06-25 20:35:33,480 [INFO] PluginManage:310 - Check plugin analytics
2024-06-25 20:35:33,634 [INFO] AnalyticsPlugin:253 - Accepted Software Licenses: 
2024-06-25 20:35:33,634 [INFO] AnalyticsPlugin:255 - Accepted CMSIS Pack Licenses: 
2024-06-25 20:35:33,634 [INFO] AnalyticsPlugin:257 - Accepted Firmware Licenses: 
2024-06-25 20:35:33,640 [INFO] PluginManage:359 - Loaded plugin analytics (category:tool,tabindex:-1)
2024-06-25 20:35:33,640 [INFO] PluginManage:310 - Check plugin cadmodel
2024-06-25 20:35:34,274 [INFO] CADModel:105 - Init CAD model plugin
2024-06-25 20:35:34,274 [INFO] PluginManage:359 - Loaded plugin cadmodel (category:power,tabindex:5)
2024-06-25 20:35:34,275 [INFO] PluginManage:310 - Check plugin clock
2024-06-25 20:35:34,284 [INFO] PluginManage:359 - Loaded plugin clock (category:base,tabindex:2)
2024-06-25 20:35:34,285 [INFO] PluginManage:310 - Check plugin ddr
2024-06-25 20:35:34,286 [INFO] PluginManage:359 - Loaded plugin ddr (category:tool,tabindex:6)
2024-06-25 20:35:34,286 [INFO] PluginManage:310 - Check plugin filemanager
2024-06-25 20:35:34,397 [INFO] PluginManage:359 - Loaded plugin filemanager (category:base,tabindex:10)
2024-06-25 20:35:34,397 [INFO] PluginManage:310 - Check plugin ipmanager
2024-06-25 20:35:34,404 [INFO] PluginManage:359 - Loaded plugin ipmanager (category:base,tabindex:5)
2024-06-25 20:35:34,404 [INFO] PluginManage:310 - Check plugin lpbam
2024-06-25 20:35:34,415 [INFO] PluginManage:359 - Loaded plugin lpbam (category:base,tabindex:0)
2024-06-25 20:35:34,415 [INFO] PluginManage:310 - Check plugin memorymap
2024-06-25 20:35:34,427 [INFO] PluginManage:359 - Loaded plugin memorymap (category:base,tabindex:4)
2024-06-25 20:35:34,427 [INFO] PluginManage:310 - Check plugin pinoutandconfiguration
2024-06-25 20:35:34,438 [INFO] PluginManage:359 - Loaded plugin pinoutandconfiguration (category:base,tabindex:1)
2024-06-25 20:35:34,438 [INFO] PluginManage:310 - Check plugin pinoutconfig
2024-06-25 20:35:34,512 [WARN] SupportedApi:132 - Cannot load RTOS API schema: s4s-elt-must-match.1: The content of 'definitions' must match (annotation?, (simpleType | complexType)?, (unique | key | keyref)*)). A problem was found starting at: attribute.
2024-06-25 20:35:34,618 [INFO] PluginManage:359 - Loaded plugin pinoutconfig (category:base,tabindex:0)
2024-06-25 20:35:34,618 [INFO] PluginManage:310 - Check plugin power
2024-06-25 20:35:34,628 [INFO] PluginManage:359 - Loaded plugin power (category:power,tabindex:4)
2024-06-25 20:35:34,629 [INFO] PluginManage:310 - Check plugin projectmanager
2024-06-25 20:35:34,642 [INFO] PluginManage:359 - Loaded plugin projectmanager (category:projectmanager,tabindex:3)
2024-06-25 20:35:34,642 [INFO] PluginManage:310 - Check plugin thirdparty
2024-06-25 20:35:34,750 [WARN] IntegrityCheckThread:84 - waiting for thirdparty lock release [integrity check]
2024-06-25 20:35:34,750 [INFO] PluginManage:359 - Loaded plugin thirdparty (category:base,tabindex:-1)
2024-06-25 20:35:34,751 [INFO] IntegrityCheckThread:86 - entering critical section [integrity check]
2024-06-25 20:35:34,751 [INFO] PluginManage:310 - Check plugin tools
2024-06-25 20:35:34,751 [INFO] ThirdPartyUpdaterWithRetryManager:70 - Updater plugin not ready yet. [1/15]
2024-06-25 20:35:34,753 [INFO] PluginManage:359 - Loaded plugin tools (category:base,tabindex:7)
2024-06-25 20:35:34,753 [INFO] PluginManage:310 - Check plugin tutovideos
2024-06-25 20:35:34,912 [INFO] PluginManage:359 - Loaded plugin tutovideos (category:base,tabindex:-1)
2024-06-25 20:35:34,912 [INFO] PluginManage:310 - Check plugin updater
2024-06-25 20:35:34,920 [INFO] PluginManage:359 - Loaded plugin updater (category:base,tabindex:12)
2024-06-25 20:35:34,920 [INFO] PluginManage:310 - Check plugin userauth
2024-06-25 20:35:34,925 [INFO] UserAuth:114 - Init User Auth plugin
2024-06-25 20:35:34,925 [INFO] PluginManage:359 - Loaded plugin userauth (category:base,tabindex:14)
2024-06-25 20:35:34,926 [INFO] PluginManage:283 - PluginManage : Loaded plugins [17]
2024-06-25 20:35:35,108 [INFO] PinOutPanel:1561 - setPackage(No Configuration,No Configuration)
2024-06-25 20:35:35,184 [INFO] CADModel:165 - CPN selected for project level
2024-06-25 20:35:35,184 [INFO] CADModel:114 - Register for checkConnection events
2024-06-25 20:35:35,195 [INFO] IPUIPlugin:80 - create IPUIPlugin
2024-06-25 20:35:35,196 [INFO] PluginManager:220 - loadIPPluginJar : add mdma
2024-06-25 20:35:35,203 [INFO] IPUIPlugin:80 - create IPUIPlugin
2024-06-25 20:35:35,203 [INFO] PluginManager:220 - loadIPPluginJar : add freertos
2024-06-25 20:35:35,209 [INFO] IPUIPlugin:80 - create IPUIPlugin
2024-06-25 20:35:35,210 [INFO] PluginManager:220 - loadIPPluginJar : add gic
2024-06-25 20:35:35,219 [INFO] IPUIPlugin:80 - create IPUIPlugin
2024-06-25 20:35:35,219 [INFO] PluginManager:220 - loadIPPluginJar : add adc
2024-06-25 20:35:35,222 [INFO] IPUIPlugin:80 - create IPUIPlugin
2024-06-25 20:35:35,222 [INFO] PluginManager:220 - loadIPPluginJar : add gtzc
2024-06-25 20:35:35,224 [INFO] IPUIPlugin:80 - create IPUIPlugin
2024-06-25 20:35:35,224 [INFO] PluginManager:220 - loadIPPluginJar : add quadspi
2024-06-25 20:35:35,227 [INFO] IPUIPlugin:80 - create IPUIPlugin
2024-06-25 20:35:35,227 [INFO] PluginManager:220 - loadIPPluginJar : add aes
2024-06-25 20:35:35,230 [INFO] IPUIPlugin:80 - create IPUIPlugin
2024-06-25 20:35:35,230 [INFO] PluginManager:220 - loadIPPluginJar : add pdm2pcm
2024-06-25 20:35:35,233 [INFO] IPUIPlugin:80 - create IPUIPlugin
2024-06-25 20:35:35,233 [INFO] PluginManager:220 - loadIPPluginJar : add hash
2024-06-25 20:35:35,235 [INFO] IPUIPlugin:80 - create IPUIPlugin
2024-06-25 20:35:35,235 [INFO] PluginManager:220 - loadIPPluginJar : add tim
2024-06-25 20:35:35,236 [INFO] IPUIPlugin:80 - create IPUIPlugin
2024-06-25 20:35:35,236 [INFO] PluginManager:220 - loadIPPluginJar : add tsc
2024-06-25 20:35:35,239 [INFO] IPUIPlugin:80 - create IPUIPlugin
2024-06-25 20:35:35,239 [INFO] PluginManager:220 - loadIPPluginJar : add extmemmanager
2024-06-25 20:35:35,241 [INFO] IPUIPlugin:80 - create IPUIPlugin
2024-06-25 20:35:35,241 [INFO] PluginManager:220 - loadIPPluginJar : add ts
2024-06-25 20:35:35,243 [INFO] IPUIPlugin:80 - create IPUIPlugin
2024-06-25 20:35:35,244 [INFO] PluginManager:220 - loadIPPluginJar : add can
2024-06-25 20:35:35,246 [INFO] IPUIPlugin:80 - create IPUIPlugin
2024-06-25 20:35:35,246 [INFO] PluginManager:220 - loadIPPluginJar : add dma3
2024-06-25 20:35:35,248 [INFO] IPUIPlugin:80 - create IPUIPlugin
2024-06-25 20:35:35,248 [INFO] PluginManager:220 - loadIPPluginJar : add dfsdm
2024-06-25 20:35:35,250 [INFO] IPUIPlugin:80 - create IPUIPlugin
2024-06-25 20:35:35,250 [INFO] PluginManager:220 - loadIPPluginJar : add spi
2024-06-25 20:35:35,253 [INFO] IPUIPlugin:80 - create IPUIPlugin
2024-06-25 20:35:35,253 [INFO] PluginManager:220 - loadIPPluginJar : add gfxmmu
2024-06-25 20:35:35,254 [INFO] IPUIPlugin:80 - create IPUIPlugin
2024-06-25 20:35:35,255 [INFO] PluginManager:220 - loadIPPluginJar : add genericplugin
2024-06-25 20:35:35,257 [INFO] IPUIPlugin:80 - create IPUIPlugin
2024-06-25 20:35:35,257 [INFO] PluginManager:220 - loadIPPluginJar : add cryp
2024-06-25 20:35:35,261 [INFO] IPUIPlugin:80 - create IPUIPlugin
2024-06-25 20:35:35,262 [INFO] PluginManager:220 - loadIPPluginJar : add gpio
2024-06-25 20:35:35,263 [INFO] IPUIPlugin:80 - create IPUIPlugin
2024-06-25 20:35:35,263 [INFO] PluginManager:220 - loadIPPluginJar : add comp
2024-06-25 20:35:35,264 [INFO] IPUIPlugin:80 - create IPUIPlugin
2024-06-25 20:35:35,265 [INFO] PluginManager:220 - loadIPPluginJar : add tracer_emb
2024-06-25 20:35:35,268 [INFO] IPUIPlugin:80 - create IPUIPlugin
2024-06-25 20:35:35,268 [INFO] PluginManager:220 - loadIPPluginJar : add openamp
2024-06-25 20:35:35,274 [INFO] IPUIPlugin:80 - create IPUIPlugin
2024-06-25 20:35:35,274 [INFO] PluginManager:220 - loadIPPluginJar : add stm32_wpan
2024-06-25 20:35:35,280 [INFO] IPUIPlugin:80 - create IPUIPlugin
2024-06-25 20:35:35,283 [INFO] PluginManager:220 - loadIPPluginJar : add plateformsettings
2024-06-25 20:35:35,286 [INFO] IPUIPlugin:80 - create IPUIPlugin
2024-06-25 20:35:35,286 [INFO] PluginManager:220 - loadIPPluginJar : add ipddr
2024-06-25 20:35:35,289 [INFO] IPUIPlugin:80 - create IPUIPlugin
2024-06-25 20:35:35,289 [INFO] PluginManager:220 - loadIPPluginJar : add usart
2024-06-25 20:35:35,291 [INFO] IPUIPlugin:80 - create IPUIPlugin
2024-06-25 20:35:35,291 [INFO] PluginManager:220 - loadIPPluginJar : add ltdc
2024-06-25 20:35:35,295 [INFO] IPUIPlugin:80 - create IPUIPlugin
2024-06-25 20:35:35,295 [INFO] PluginManager:220 - loadIPPluginJar : add nvic
2024-06-25 20:35:35,297 [INFO] IPUIPlugin:80 - create IPUIPlugin
2024-06-25 20:35:35,297 [INFO] PluginManager:220 - loadIPPluginJar : add fatfs
2024-06-25 20:35:35,305 [INFO] IPUIPlugin:80 - create IPUIPlugin
2024-06-25 20:35:35,305 [INFO] PluginManager:220 - loadIPPluginJar : add linkedlist
2024-06-25 20:35:35,310 [INFO] IPUIPlugin:80 - create IPUIPlugin
2024-06-25 20:35:35,310 [INFO] PluginManager:220 - loadIPPluginJar : add dma
2024-06-25 20:35:35,315 [INFO] IPUIPlugin:80 - create IPUIPlugin
2024-06-25 20:35:35,315 [INFO] PluginManager:220 - loadIPPluginJar : add fmc
2024-06-25 20:35:35,317 [INFO] IPUIPlugin:80 - create IPUIPlugin
2024-06-25 20:35:35,317 [INFO] PluginManager:220 - loadIPPluginJar : add i2s
2024-06-25 20:35:35,319 [INFO] IPUIPlugin:80 - create IPUIPlugin
2024-06-25 20:35:35,319 [INFO] PluginManager:220 - loadIPPluginJar : add ucpd
2024-06-25 20:35:35,322 [INFO] IPUIPlugin:80 - create IPUIPlugin
2024-06-25 20:35:35,322 [INFO] PluginManager:220 - loadIPPluginJar : add lorawan
2024-06-25 20:35:35,325 [INFO] IPUIPlugin:80 - create IPUIPlugin
2024-06-25 20:35:35,325 [INFO] PluginManager:220 - loadIPPluginJar : add opamp
2024-06-25 20:35:35,328 [INFO] IPUIPlugin:80 - create IPUIPlugin
2024-06-25 20:35:35,328 [INFO] PluginManager:220 - loadIPPluginJar : add i3c
2024-06-25 20:35:35,332 [INFO] IPUIPlugin:80 - create IPUIPlugin
2024-06-25 20:35:35,332 [INFO] PluginManager:220 - loadIPPluginJar : add touchsensing
2024-06-25 20:35:35,334 [INFO] IPUIPlugin:80 - create IPUIPlugin
2024-06-25 20:35:35,334 [INFO] PluginManager:220 - loadIPPluginJar : add i2c
2024-06-25 20:35:35,338 [INFO] IPUIPlugin:80 - create IPUIPlugin
2024-06-25 20:35:35,338 [INFO] PluginManager:220 - loadIPPluginJar : add resmgrutility
2024-06-25 20:35:35,341 [INFO] IPUIPlugin:80 - create IPUIPlugin
2024-06-25 20:35:35,342 [INFO] PluginManager:220 - loadIPPluginJar : add sai
2024-06-25 20:35:35,344 [INFO] IPUIPlugin:80 - create IPUIPlugin
2024-06-25 20:35:35,344 [INFO] PluginManager:220 - loadIPPluginJar : add usbx
2024-06-25 20:35:35,455 [INFO] CADModel:165 - CPN selected for project level
2024-06-25 20:35:35,455 [INFO] CADModel:114 - Register for checkConnection events
2024-06-25 20:35:35,455 [FATAL] Updater:308 - Updater called before beeing initialized
2024-06-25 20:35:35,455 [ERROR] CADModel:125 - Updater not yet initialized, retry later 
2024-06-25 20:35:35,569 [INFO] CADModel:165 - CPN selected for project level
2024-06-25 20:35:35,569 [INFO] CADModel:114 - Register for checkConnection events
2024-06-25 20:35:35,569 [FATAL] Updater:308 - Updater called before beeing initialized
2024-06-25 20:35:35,569 [ERROR] CADModel:125 - Updater not yet initialized, retry later 
2024-06-25 20:35:35,572 [FATAL] Updater:308 - Updater called before beeing initialized
2024-06-25 20:35:35,658 [FATAL] Updater:308 - Updater called before beeing initialized
2024-06-25 20:35:35,663 [INFO] DbMcusAds:53 - JSON generation date=Thu Sep 30 13:55:09 ICT 2021 (1632984909247)
2024-06-25 20:35:35,663 [FATAL] Updater:308 - Updater called before beeing initialized
2024-06-25 20:35:35,739 [WARN] DetailPanel:346 - Failed to get advertising image, set to default
2024-06-25 20:35:35,839 [FATAL] Updater:308 - Updater called before beeing initialized
2024-06-25 20:35:35,840 [FATAL] Updater:308 - Updater called before beeing initialized
2024-06-25 20:35:35,840 [FATAL] Updater:308 - Updater called before beeing initialized
2024-06-25 20:35:35,840 [WARN] DetailPanel:346 - Failed to get advertising image, set to default
2024-06-25 20:35:35,841 [FATAL] Updater:308 - Updater called before beeing initialized
2024-06-25 20:35:35,873 [ERROR] Updater:1120 - MainUpdater not yet initialized. External WinMGr cannot be set.
2024-06-25 20:35:35,875 [INFO] Updater:1056 - Updater Version found : 6.11.1
2024-06-25 20:35:35,888 [INFO] ApplicationProperties:184 - Using Application install path: /Applications/STM32CubeIDE.app/Contents/Eclipse/plugins/com.st.stm32cube.common.mx_6.11.1.202404110753
2024-06-25 20:35:35,913 [INFO] MainUpdater:526 - Copy updater definitions from MX database
2024-06-25 20:35:35,941 [INFO] MainUpdater:559 - Copy flag file definitions from MX database
2024-06-25 20:35:35,942 [INFO] MainUpdater:575 - Copy thirdparty index definitions from MX database
2024-06-25 20:35:35,943 [INFO] MainUpdater:594 - Copy default thirdparty db definitions from MX database
2024-06-25 20:35:36,097 [INFO] MainUpdater:2873 - connection check result : 10
2024-06-25 20:35:36,097 [INFO] MainUpdater:3567 - Updater definition file requires update
2024-06-25 20:35:36,098 [INFO] MainUpdater:290 - Updater Check For Update Now.
2024-06-25 20:35:36,098 [INFO] MicroXplorer:498 - Change Database Version : DB.6.0.111
2024-06-25 20:35:36,102 [INFO] McuFinderGlobals:63 - Set McuFinder mode to 2 (CubeIDE integrated)
2024-06-25 20:35:36,103 [INFO] UserAuth:179 - activating auth plugin
2024-06-25 20:35:36,116 [INFO] ServerAccessManage:473 - Download File updaters.zip
2024-06-25 20:35:36,186 [INFO] FileExtend:240 - Unzip File : updaters.zip
2024-06-25 20:35:36,186 [INFO] FileExtend:255 - Standard Zip Deflate
2024-06-25 20:35:36,347 [INFO] ServerAccessManage:473 - Download File PacksControlFlags.xml
2024-06-25 20:35:36,392 [INFO] ServerAccessManage:473 - Download File cubemx.pidx
2024-06-25 20:35:36,459 [INFO] ServerAccessManage:473 - Download File STMicroelectronics.FP-ATR-ASTRA1.pdsc
2024-06-25 20:35:36,730 [INFO] ServerAccessManage:473 - Download File STMicroelectronics.FP-ATR-SIGFOX1.pdsc
2024-06-25 20:35:36,767 [INFO] ServerAccessManage:473 - Download File STMicroelectronics.FP-SNS-FLIGHT1.pdsc
2024-06-25 20:35:36,834 [INFO] ServerAccessManage:473 - Download File STMicroelectronics.FP-SNS-MOTENV1.pdsc
2024-06-25 20:35:36,907 [INFO] ServerAccessManage:473 - Download File STMicroelectronics.FP-SNS-MOTENVWB1.pdsc
2024-06-25 20:35:37,752 [WARN] MainUpdater:1194 - Updater busy. Cannot search thirdparties
2024-06-25 20:35:37,753 [INFO] ThirdPartyUpdaterWithRetryManager:96 - Updater plugin is busy. [1/15]
2024-06-25 20:35:38,044 [INFO] ServerAccessManage:473 - Download File STMicroelectronics.FP-SNS-SMARTAG2.pdsc
2024-06-25 20:35:38,287 [INFO] ServerAccessManage:473 - Download File STMicroelectronics.X-CUBE-AI.pdsc
2024-06-25 20:35:38,513 [INFO] ServerAccessManage:473 - Download File STMicroelectronics.X-CUBE-ALS.pdsc
2024-06-25 20:35:38,570 [INFO] ServerAccessManage:473 - Download File STMicroelectronics.X-CUBE-BLE1.pdsc
2024-06-25 20:35:40,757 [WARN] MainUpdater:1194 - Updater busy. Cannot search thirdparties
2024-06-25 20:35:40,757 [INFO] ThirdPartyUpdaterWithRetryManager:96 - Updater plugin is busy. [2/15]
2024-06-25 20:35:41,275 [ERROR] ServerAccessManage:1089 - Problem, file not found on Server
2024-06-25 20:35:41,295 [INFO] ServerAccessManage:473 - Download File STMicroelectronics.X-CUBE-BLE2.pdsc
2024-06-25 20:35:41,424 [INFO] ServerAccessManage:473 - Download File STMicroelectronics.X-CUBE-BLEMGR.pdsc
2024-06-25 20:35:41,607 [INFO] ServerAccessManage:473 - Download File STMicroelectronics.X-CUBE-DISPLAY.pdsc
2024-06-25 20:35:42,867 [INFO] ServerAccessManage:473 - Download File STMicroelectronics.X-CUBE-EEPRMA1.pdsc
2024-06-25 20:35:43,761 [WARN] MainUpdater:1194 - Updater busy. Cannot search thirdparties
2024-06-25 20:35:43,762 [INFO] ThirdPartyUpdaterWithRetryManager:96 - Updater plugin is busy. [3/15]
2024-06-25 20:35:45,125 [ERROR] ServerAccessManage:1089 - Problem, file not found on Server
2024-06-25 20:35:45,954 [ERROR] ServerAccessManage:1089 - Problem, file not found on Server
2024-06-25 20:35:46,766 [WARN] MainUpdater:1194 - Updater busy. Cannot search thirdparties
2024-06-25 20:35:46,766 [INFO] ThirdPartyUpdaterWithRetryManager:96 - Updater plugin is busy. [4/15]
2024-06-25 20:35:47,741 [INFO] ServerAccessManage:473 - Download File STMicroelectronics.X-CUBE-FREERTOS.pdsc
2024-06-25 20:35:47,811 [INFO] ServerAccessManage:473 - Download File STMicroelectronics.X-CUBE-GNSS1.pdsc
2024-06-25 20:35:49,770 [WARN] MainUpdater:1194 - Updater busy. Cannot search thirdparties
2024-06-25 20:35:49,771 [INFO] ThirdPartyUpdaterWithRetryManager:96 - Updater plugin is busy. [5/15]
2024-06-25 20:35:50,780 [ERROR] ServerAccessManage:1089 - Problem, file not found on Server
2024-06-25 20:35:51,834 [ERROR] ServerAccessManage:1089 - Problem, file not found on Server
2024-06-25 20:35:52,774 [WARN] MainUpdater:1194 - Updater busy. Cannot search thirdparties
2024-06-25 20:35:52,774 [INFO] ThirdPartyUpdaterWithRetryManager:96 - Updater plugin is busy. [6/15]
2024-06-25 20:35:52,896 [ERROR] ServerAccessManage:1089 - Problem, file not found on Server
2024-06-25 20:35:53,992 [ERROR] ServerAccessManage:1089 - Problem, file not found on Server
2024-06-25 20:35:55,067 [ERROR] ServerAccessManage:1089 - Problem, file not found on Server
2024-06-25 20:35:55,779 [WARN] MainUpdater:1194 - Updater busy. Cannot search thirdparties
2024-06-25 20:35:55,779 [INFO] ThirdPartyUpdaterWithRetryManager:96 - Updater plugin is busy. [7/15]
2024-06-25 20:35:56,133 [INFO] MainUpdater:2873 - connection check result : 10
2024-06-25 20:35:56,135 [ERROR] ServerAccessManage:1089 - Problem, file not found on Server
2024-06-25 20:35:56,292 [INFO] UserAuth:415 - Internet connection configuration mode: 1
2024-06-25 20:35:56,301 [INFO] JxBrowserEngine:152 - Initiate JxBrowser Engine with user profile folder
2024-06-25 20:35:56,361 [INFO] ServerAccessManage:473 - Download File STMicroelectronics.X-CUBE-ISPU.pdsc
2024-06-25 20:35:56,675 [INFO] ServerAccessManage:473 - Download File STMicroelectronics.X-CUBE-MEMS1.pdsc
2024-06-25 20:35:58,784 [WARN] MainUpdater:1194 - Updater busy. Cannot search thirdparties
2024-06-25 20:35:58,784 [INFO] ThirdPartyUpdaterWithRetryManager:96 - Updater plugin is busy. [8/15]
2024-06-25 20:36:01,785 [WARN] MainUpdater:1194 - Updater busy. Cannot search thirdparties
2024-06-25 20:36:01,785 [INFO] ThirdPartyUpdaterWithRetryManager:96 - Updater plugin is busy. [9/15]
2024-06-25 20:36:02,030 [INFO] ServerAccessManage:473 - Download File STMicroelectronics.X-CUBE-NFC4.pdsc
2024-06-25 20:36:04,785 [WARN] MainUpdater:1194 - Updater busy. Cannot search thirdparties
2024-06-25 20:36:04,786 [INFO] ThirdPartyUpdaterWithRetryManager:96 - Updater plugin is busy. [10/15]
2024-06-25 20:36:06,935 [INFO] ServerAccessManage:473 - Download File STMicroelectronics.X-CUBE-NFC6.pdsc
2024-06-25 20:36:07,789 [WARN] MainUpdater:1194 - Updater busy. Cannot search thirdparties
2024-06-25 20:36:07,789 [INFO] ThirdPartyUpdaterWithRetryManager:96 - Updater plugin is busy. [11/15]
2024-06-25 20:36:08,429 [INFO] WebApp:161 - Instantiating new browser for Auth
2024-06-25 20:36:09,094 [INFO] WebApp:779 - Register for checkConnection events
2024-06-25 20:36:09,103 [INFO] WebApp:414 - Apply proxy settings
2024-06-25 20:36:09,109 [INFO] WebApp:459 - Chromium authenticates against Manually configured proxy
2024-06-25 20:36:09,134 [INFO] WebApp:467 - Username used for proxy authentication: 
2024-06-25 20:36:09,307 [INFO] WebApp:192 - Starting web application
2024-06-25 20:36:09,317 [INFO] WebApp:544 - Web application path used /Applications/STM32CubeIDE.app/Contents/Eclipse/plugins/com.st.stm32cube.common.mx_6.11.1.202404110753/db/plugins/mcufinder/reactClient1/index.html
2024-06-25 20:36:09,397 [INFO] ServerAccessManage:473 - Download File STMicroelectronics.X-CUBE-NFC7.pdsc
2024-06-25 20:36:10,792 [WARN] MainUpdater:1194 - Updater busy. Cannot search thirdparties
2024-06-25 20:36:10,792 [INFO] ThirdPartyUpdaterWithRetryManager:96 - Updater plugin is busy. [12/15]
2024-06-25 20:36:12,201 [INFO] ServerAccessManage:473 - Download File STMicroelectronics.X-CUBE-SFXS2LP1.pdsc
2024-06-25 20:36:13,632 [INFO] ServerAccessManage:473 - Download File STMicroelectronics.X-CUBE-SAFEA1.pdsc
2024-06-25 20:36:13,678 [INFO] ServerAccessManage:473 - Download File STMicroelectronics.X-CUBE-SUBG2.pdsc
2024-06-25 20:36:13,796 [WARN] MainUpdater:1194 - Updater busy. Cannot search thirdparties
2024-06-25 20:36:13,797 [INFO] ThirdPartyUpdaterWithRetryManager:96 - Updater plugin is busy. [13/15]
2024-06-25 20:36:16,242 [INFO] ServerAccessManage:473 - Download File STMicroelectronics.X-CUBE-SMBUS.pdsc
2024-06-25 20:36:16,801 [WARN] MainUpdater:1194 - Updater busy. Cannot search thirdparties
2024-06-25 20:36:16,801 [INFO] ThirdPartyUpdaterWithRetryManager:96 - Updater plugin is busy. [14/15]
2024-06-25 20:36:17,370 [ERROR] ServerAccessManage:1089 - Problem, file not found on Server
2024-06-25 20:36:17,384 [INFO] ServerAccessManage:473 - Download File STMicroelectronics.X-CUBE-TCPP.pdsc
2024-06-25 20:36:17,415 [INFO] ServerAccessManage:473 - Download File STMicroelectronics.X-CUBE-TOF1.pdsc
2024-06-25 20:36:17,729 [INFO] ApiDb:581 - Connected to CubeFinder SQLite database (/Users/tungnguyen/.stmcufinder/plugins/mcufinder/mcu/cube-finder-db.db)
2024-06-25 20:36:17,915 [INFO] ApiDb:668 - CubeFinder database Data Model version=2.1
2024-06-25 20:36:17,915 [INFO] ApiDb:669 - CubeFinder database Configuration version=3.0.39
2024-06-25 20:36:17,916 [INFO] ApiDb:670 - CubeFinder database generation date=2024-03-01 (1709305525)
2024-06-25 20:36:17,916 [INFO] ApiDb:671 - CubeFinder database FW Pack versions=[FP-ATR-ASTRA1_V2.0.0, FP-SNS-FLIGHT1_V5.0.1, FP-SNS-FLIGHT1_V5.0.2, FP-SNS-MOTENV1_V4.3.1, FP-SNS-MOTENV1_V4.3.2, FP-SNS-MOTENVWB1_V1.3.1, FP-SNS-SMARTAG2_V1.2.0, STM32Cube_FW_C0_V1.1.0, STM32Cube_FW_F4_V1.28.0, STM32Cube_FW_F7_V1.17.0, STM32Cube_FW_G0_V1.6.2, STM32Cube_FW_G4_V1.5.2, STM32Cube_FW_H5_V0.5.1, STM32Cube_FW_H5_V1.1.1, STM32Cube_FW_H5_V1.2.0, STM32Cube_FW_H5_V1.2.0RC4, STM32Cube_FW_H7RS_V1.0.0, STM32Cube_FW_H7RS_V1.0.0RC4, STM32Cube_FW_H7_V1.11.0, STM32Cube_FW_L0_V1.12.2, STM32Cube_FW_L5_V1.5.1, STM32Cube_FW_U0_V1.0.0, STM32Cube_FW_U0_V1.0.0RC1, STM32Cube_FW_U5_V1.3.0RC4, STM32Cube_FW_U5_V1.5.0, STM32Cube_FW_U5_V1.5.0RC1, STM32Cube_FW_WBA_V1.0.0RC1, STM32Cube_FW_WBA_V1.2.0, STM32Cube_FW_WBA_V1.2.0RC2, STM32Cube_FW_WBA_V1.3.0, STM32Cube_FW_WBA_V1.3.0RC1, STM32Cube_FW_WB_V1.15.0RC1, STM32Cube_FW_WB_V1.16.0, STM32Cube_FW_WB_V1.16.0RC2, STM32Cube_FW_WB_V1.18.0, STM32Cube_FW_WB_V1.19.0, STM32Cube_FW_WL_V1.3.0, X-CUBE-ALGOBUILD_V1.3.0, X-CUBE-ALS_V1.0.1, X-CUBE-AZRTOS-F4_V1.1.0, X-CUBE-AZRTOS-F7_V1.1.0, X-CUBE-AZRTOS-G0_V1.1.0, X-CUBE-AZRTOS-G4_V2.0.0, X-CUBE-AZRTOS-H7_V3.2.0, X-CUBE-AZRTOS-L4_V1.0.0, X-CUBE-AZRTOS-L4_V2.0.0, X-CUBE-AZRTOS-L5_V1.1.0, X-CUBE-AZRTOS-WB_V2.0.0, X-CUBE-AZRTOS-WL_V2.0.0, X-CUBE-BLE1_V7.0.0, X-CUBE-BLE2_V3.3.0, X-CUBE-BLEMGR_V3.1.0, X-CUBE-EEPRMA1_V4.1.0, X-CUBE-EEPRMA1_V5.1.0, X-CUBE-FREERTOS_V1.1.0, X-CUBE-GNSS1_V6.0.0, X-CUBE-MEMS1_V10.0.0, X-CUBE-MEMS1_V9.1.0, X-CUBE-MEMS1_V9.4.0, X-CUBE-MEMS1_V9.6.0, X-CUBE-NFC4_V3.0.0, X-CUBE-NFC7_V1.0.1, X-CUBE-SFXS2LP1_V4.0.0, X-CUBE-SUBG2_V5.0.0, X-CUBE-TOF1_V3.4.0]
2024-06-25 20:36:18,092 [INFO] DbBoardsSqlite:226 - include board P-NUCLEO-WB55-NUCLEO as a kit item of type 'Nucleo-64'
2024-06-25 20:36:18,111 [INFO] DbBoardsSqlite:226 - include board P-NUCLEO-WB55-USBDONGLE as a kit item of type 'Nucleo USB Dongle'
2024-06-25 20:36:18,114 [INFO] DbBoardsSqlite:226 - include board STEVAL-IDP005V1 as a kit item of type 'Evaluation Board'
2024-06-25 20:36:18,114 [INFO] DbBoardsSqlite:226 - include board STEVAL-IDP005V2 as a kit item of type 'Evaluation Board'
2024-06-25 20:36:18,612 [INFO] ApiDb:240 - Found 483 in-development CPN: [B-G473E-ZEST1S, B-WB1M-WPAN1, B-WL5M-SUBG1, NUCLEO-C031C6, NUCLEO-H503RB, NUCLEO-H533RE, NUCLEO-H563ZI, NUCLEO-H7S3L8, NUCLEO-U031R8, NUCLEO-U083RC, NUCLEO-U545RE-Q, NUCLEO-U5A5ZJ-Q, NUCLEO-WBA52CG, NUCLEO-WBA55CG, STEVAL-PROTEUS1, STEVAL-SMARTAG2, STEVAL-STWINBX1, STM320518-EVAL, STM32C0116-DK, STM32C011D6Y3TR, STM32C011D6Y6TR, STM32C011F4P3, STM32C011F4P6, STM32C011F4U3, STM32C011F4U6TR, STM32C011F6P3, STM32C011F6P6, STM32C011F6U3, STM32C011F6U6TR, STM32C011J4M3, STM32C011J4M6, STM32C011J6M3, STM32C011J6M6, STM32C0316-DK, STM32C031C4T3, STM32C031C4T6, STM32C031C4U3, STM32C031C4U6, STM32C031C6T3, STM32C031C6T6, STM32C031C6U3, STM32C031C6U6, STM32C031F4P3, STM32C031F4P6, STM32C031F6P3, STM32C031F6P6, STM32C031G4U3, STM32C031G4U6, STM32C031G6U3, STM32C031G6U6, STM32C031K4T3, STM32C031K4T6, STM32C031K4U3, STM32C031K4U6, STM32C031K6T3, STM32C031K6T6, STM32C031K6U3, STM32C031K6U6, STM32G071K8TXN, STM32G071K8UXN, STM32G081GBU6N, STM32G081KBT6N, STM32G081KBUXN, STM32G0B1CCT6N, STM32G0B1KCT6, STM32G0B1NEY6TR, STM32G0B1RCT6N, STM32G0C1CCT6, STM32G0C1CCT6N, STM32G0C1CCU6N, STM32G0C1CET6N, STM32G0C1CEU6N, STM32G0C1KCT6, STM32G0C1NEY6TR, STM32G0C1RCI6N, STM32G0C1RCT6N, STM32G0C1REI6N, STM32G0C1RET6N, STM32G0C1VCI6, STM32G0C1VEI6, STM32G471CCT6, STM32G471CCU6, STM32G471CET3, STM32G471CET6, STM32G471CEU3, STM32G471CEU6, STM32G471MCT6, STM32G471MET3, STM32G471MET6, STM32G471MEY6TR, STM32G471QCT6, STM32G471QET3, STM32G471RCT6, STM32G471RET3, STM32G471RET6, STM32G471VCH6, STM32G471VCI6, STM32G471VCT6, STM32G471VEH3, STM32G471VEH6, STM32G471VEI3, STM32G471VEI6, STM32G471VET3, STM32G471VET6, STM32G474CCT6, STM32H503CBT6, STM32H503CBU6, STM32H503EBY6TR, STM32H503KBU6, STM32H503RBT6, STM32H523CCT6, STM32H523CCU6, STM32H523CET6, STM32H523CEU6, STM32H523HEY6TR, STM32H523RCT6, STM32H523RET6, STM32H523VCI6, STM32H523VCT6, STM32H523VEI6, STM32H523VET6, STM32H523ZCJ6, STM32H523ZCT6, STM32H523ZEJ6, STM32H523ZET6, STM32H533CET6, STM32H533CEU6, STM32H533HEY6TR, STM32H533RET6, STM32H533VEI6, STM32H533VET6, STM32H533ZEJ6, STM32H533ZET6, STM32H562AGI6, STM32H562AII6, STM32H562IGK6, STM32H562IGT6, STM32H562IIK6, STM32H562IIT6, STM32H562RGT6, STM32H562RGV6, STM32H562RIT6, STM32H562RIV6, STM32H562VGT6, STM32H562VIT6, STM32H562ZGT6, STM32H562ZIT6, STM32H563AGI6, STM32H563AII3Q, STM32H563AII6, STM32H563IGK6, STM32H563IGT6, STM32H563IIK3Q, STM32H563IIK6, STM32H563IIT3Q, STM32H563IIT6, STM32H563MIY3QTR, STM32H563RGT6, STM32H563RGV6, STM32H563RIT6, STM32H563RIV6, STM32H563VGT6, STM32H563VIT3Q, STM32H563VIT6, STM32H563ZGT6, STM32H563ZIT3Q, STM32H563ZIT6, STM32H573AII3Q, STM32H573AII6, STM32H573I-DK, STM32H573IIK3Q, STM32H573IIK6, STM32H573IIT3Q, STM32H573IIT6, STM32H573MIY3QTR, STM32H573RIT6, STM32H573RIV6, STM32H573VIT3Q, STM32H573VIT6, STM32H573ZIT3Q, STM32H573ZIT6, STM32H7R3A8I6, STM32H7R3I8K6, STM32H7R3I8T6, STM32H7R3L8H6, STM32H7R3L8H6H, STM32H7R3R8V6, STM32H7R3V8H6, STM32H7R3V8T6, STM32H7R3V8Y6, STM32H7R3Z8J6, STM32H7R3Z8T6, STM32H7R7A8I6, STM32H7R7I8K6, STM32H7R7I8T6, STM32H7R7L8H6, STM32H7R7L8H6H, STM32H7R7Z8J6, STM32H7S3A8I6, STM32H7S3I8K6, STM32H7S3I8T6, STM32H7S3L8H6, STM32H7S3L8H6H, STM32H7S3R8V6, STM32H7S3V8H6, STM32H7S3V8T6, STM32H7S3V8Y6, STM32H7S3Z8J6, STM32H7S3Z8T6, STM32H7S78-DK, STM32H7S7A8I6, STM32H7S7I8K6, STM32H7S7I8T6, STM32H7S7L8H6, STM32H7S7L8H6H, STM32H7S7Z8J6, STM32L4R5QGI6STR, STM32MP131AAE3, STM32MP131AAF3, STM32MP131AAG3, STM32MP131CAE3, STM32MP131CAF3, STM32MP131CAG3, STM32MP131DAE7, STM32MP131DAF7, STM32MP131DAG7, STM32MP131FAE7, STM32MP131FAF7, STM32MP131FAG7, STM32MP133AAE3, STM32MP133AAF3, STM32MP133AAG3, STM32MP133CAE3, STM32MP133CAF3, STM32MP133CAG3, STM32MP133DAE7, STM32MP133DAF7, STM32MP133DAG7, STM32MP133FAE7, STM32MP133FAF7, STM32MP133FAG7, STM32MP135AAE3, STM32MP135AAF3, STM32MP135AAG3, STM32MP135CAE3, STM32MP135CAF3, STM32MP135CAG3, STM32MP135DAE7, STM32MP135DAF7, STM32MP135DAG7, STM32MP135F-DK, STM32MP135FAE7, STM32MP135FAF7, STM32MP135FAF7T, STM32MP135FAF7U, STM32MP135FAG7, STM32U031C6T6, STM32U031C6U6, STM32U031C8T6, STM32U031C8U6, STM32U031F4P6, STM32U031F6P6, STM32U031F8P6, STM32U031G6Y6TR, STM32U031G8Y6TR, STM32U031K4U6, STM32U031K6U6, STM32U031K8U6, STM32U031R6I6, STM32U031R6T6, STM32U031R8I6, STM32U031R8T6, STM32U073C8T6, STM32U073C8U6, STM32U073CBT6, STM32U073CBU6, STM32U073CCT6, STM32U073CCU6, STM32U073H8Y6TR, STM32U073HBY6TR, STM32U073HCY6TR, STM32U073K8U6, STM32U073KBU6, STM32U073KCU6, STM32U073M8I6, STM32U073M8T6, STM32U073MBI6, STM32U073MBT6, STM32U073MCI6, STM32U073MCT6, STM32U073R8I6, STM32U073R8T6, STM32U073RBI6, STM32U073RBT6, STM32U073RCI6, STM32U073RCT6, STM32U083C-DK, STM32U083CCT6, STM32U083CCU6, STM32U083HCY6TR, STM32U083KCU6, STM32U083MCI6, STM32U083MCT6, STM32U083RCI6, STM32U083RCT6, STM32U535CBT6, STM32U535CBT6Q, STM32U535CBU6, STM32U535CBU6Q, STM32U535CCT6, STM32U535CCT6Q, STM32U535CCU6, STM32U535CCU6Q, STM32U535CET6, STM32U535CET6Q, STM32U535CEU6, STM32U535CEU6Q, STM32U535JEY6QTR, STM32U535NCY6QTR, STM32U535NEY6QTR, STM32U535RBI6, STM32U535RBI6Q, STM32U535RBT6, STM32U535RBT6Q, STM32U535RCI6, STM32U535RCI6Q, STM32U535RCT6, STM32U535RCT6Q, STM32U535REI6, STM32U535REI6Q, STM32U535RET6, STM32U535RET6Q, STM32U535VCI6, STM32U535VCI6Q, STM32U535VCT6, STM32U535VCT6Q, STM32U535VEI6, STM32U535VEI6Q, STM32U535VET6, STM32U535VET6Q, STM32U545CET6, STM32U545CET6Q, STM32U545CEU6, STM32U545CEU6Q, STM32U545JEY6QTR, STM32U545NEY6QTR, STM32U545REI6, STM32U545REI6Q, STM32U545RET6, STM32U545RET6Q, STM32U545VEI6, STM32U545VEI6Q, STM32U545VET6, STM32U545VET6Q, STM32U595AIH6, STM32U595AIH6Q, STM32U595AJH6, STM32U595AJH6Q, STM32U595QII6, STM32U595QII6Q, STM32U595QJI6, STM32U595QJI6Q, STM32U595RIT6, STM32U595RIT6Q, STM32U595RJT6, STM32U595RJT6Q, STM32U595VIT6, STM32U595VIT6Q, STM32U595VJT6, STM32U595VJT6Q, STM32U595ZIT6, STM32U595ZIT6Q, STM32U595ZIY6QTR, STM32U595ZJT6, STM32U595ZJT6Q, STM32U595ZJY6QTR, STM32U599BJY6QTR, STM32U599NIH6Q, STM32U599NJH6Q, STM32U599VIT6Q, STM32U599VJT6, STM32U599VJT6Q, STM32U599ZIT6Q, STM32U599ZIY6QTR, STM32U599ZJT6Q, STM32U599ZJY6QTR, STM32U5A5AJH6, STM32U5A5AJH6Q, STM32U5A5QII3Q , STM32U5A5QJI6, STM32U5A5QJI6Q, STM32U5A5RJT6, STM32U5A5RJT6Q, STM32U5A5VJT6, STM32U5A5VJT6Q, STM32U5A5ZJT6, STM32U5A5ZJT6Q, STM32U5A5ZJY6QTR, STM32U5A9BJY6QTR, STM32U5A9J-DK, STM32U5A9NJH6Q, STM32U5A9VJT6Q, STM32U5A9ZJT6Q, STM32U5A9ZJY6QTR, STM32U5F7VIT6, STM32U5F7VIT6Q, STM32U5F7VJT6, STM32U5F7VJT6Q, STM32U5F9BJY6QTR, STM32U5F9NJH6Q, STM32U5F9VIT6Q, STM32U5F9VJT6Q, STM32U5F9ZIJ6QTR, STM32U5F9ZIT6Q, STM32U5F9ZJJ6QTR, STM32U5F9ZJT6Q, STM32U5G7VJT6, STM32U5G7VJT6Q, STM32U5G9BJY6QTR, STM32U5G9J-DK1, STM32U5G9J-DK2, STM32U5G9NJH6Q, STM32U5G9VJT6Q, STM32U5G9ZJJ6QTR, STM32U5G9ZJT6Q, STM32WB1MMCH6, STM32WBA50KEU6, STM32WBA50KEU6TR, STM32WBA50KGU6, STM32WBA50KGU6TR, STM32WBA52CEU6, STM32WBA52CEU6TR, STM32WBA52CEU7, STM32WBA52CEU7TR, STM32WBA52CGU6, STM32WBA52CGU6TR, STM32WBA52CGU6U, STM32WBA52CGU7, STM32WBA52CGU7TR, STM32WBA52KEU6, STM32WBA52KEU6TR, STM32WBA52KGU6, STM32WBA52KGU6TR, STM32WBA54CEU6, STM32WBA54CEU6TR, STM32WBA54CEU7, STM32WBA54CEU7TR, STM32WBA54CGU6, STM32WBA54CGU6TR, STM32WBA54CGU7, STM32WBA54CGU7TR, STM32WBA54KEU6, STM32WBA54KEU6TR, STM32WBA54KEU7, STM32WBA54KEU7TR, STM32WBA54KGU6, STM32WBA54KGU6TR, STM32WBA54KGU7, STM32WBA54KGU7TR, STM32WBA55CEU6, STM32WBA55CEU6TR, STM32WBA55CEU7, STM32WBA55CEU7TR, STM32WBA55CGU6, STM32WBA55CGU6TR, STM32WBA55CGU6U, STM32WBA55CGU7, STM32WBA55CGU7TR, STM32WBA55G-DK1, STM32WBA55HEF6, STM32WBA55HEF7, STM32WBA55HGF6, STM32WBA55HGF7, STM32WBA55UEI6, STM32WBA55UEI6TR, STM32WBA55UEI7, STM32WBA55UEI7TR, STM32WBA55UGI6, STM32WBA55UGI6TR, STM32WBA55UGI7, STM32WBA55UGI7TR, STM32WL5MOCH6, STM32WL5MOCH6TR]
2024-06-25 20:36:18,826 [INFO] BoardInfo:889 - No configuration file found for board P-NUCLEO-WB55
2024-06-25 20:36:18,827 [INFO] DbBoards:161 - Kit is not supported: P-NUCLEO-WB55
2024-06-25 20:36:18,832 [INFO] BoardInfo:889 - No configuration file found for board STEVAL-BFA001V1B
2024-06-25 20:36:18,832 [INFO] DbBoards:161 - Kit is not supported: STEVAL-BFA001V1B
2024-06-25 20:36:18,833 [INFO] BoardInfo:889 - No configuration file found for board STEVAL-BFA001V2B
2024-06-25 20:36:18,833 [INFO] DbBoards:161 - Kit is not supported: STEVAL-BFA001V2B
2024-06-25 20:36:18,975 [INFO] DbBoards:168 - Found 199 boards, 196 are supported
2024-06-25 20:36:18,975 [INFO] DbBoards:169 - Found 199 boards, 8 of them is supported for  Bsp
2024-06-25 20:36:18,978 [INFO] ApiDb:668 - CubeFinder database Data Model version=2.1
2024-06-25 20:36:18,978 [INFO] ApiDb:669 - CubeFinder database Configuration version=3.0.39
2024-06-25 20:36:18,978 [INFO] ApiDb:670 - CubeFinder database generation date=2024-03-01 (1709305525)
2024-06-25 20:36:18,978 [INFO] ApiDb:671 - CubeFinder database FW Pack versions=[FP-ATR-ASTRA1_V2.0.0, FP-SNS-FLIGHT1_V5.0.1, FP-SNS-FLIGHT1_V5.0.2, FP-SNS-MOTENV1_V4.3.1, FP-SNS-MOTENV1_V4.3.2, FP-SNS-MOTENVWB1_V1.3.1, FP-SNS-SMARTAG2_V1.2.0, STM32Cube_FW_C0_V1.1.0, STM32Cube_FW_F4_V1.28.0, STM32Cube_FW_F7_V1.17.0, STM32Cube_FW_G0_V1.6.2, STM32Cube_FW_G4_V1.5.2, STM32Cube_FW_H5_V0.5.1, STM32Cube_FW_H5_V1.1.1, STM32Cube_FW_H5_V1.2.0, STM32Cube_FW_H5_V1.2.0RC4, STM32Cube_FW_H7RS_V1.0.0, STM32Cube_FW_H7RS_V1.0.0RC4, STM32Cube_FW_H7_V1.11.0, STM32Cube_FW_L0_V1.12.2, STM32Cube_FW_L5_V1.5.1, STM32Cube_FW_U0_V1.0.0, STM32Cube_FW_U0_V1.0.0RC1, STM32Cube_FW_U5_V1.3.0RC4, STM32Cube_FW_U5_V1.5.0, STM32Cube_FW_U5_V1.5.0RC1, STM32Cube_FW_WBA_V1.0.0RC1, STM32Cube_FW_WBA_V1.2.0, STM32Cube_FW_WBA_V1.2.0RC2, STM32Cube_FW_WBA_V1.3.0, STM32Cube_FW_WBA_V1.3.0RC1, STM32Cube_FW_WB_V1.15.0RC1, STM32Cube_FW_WB_V1.16.0, STM32Cube_FW_WB_V1.16.0RC2, STM32Cube_FW_WB_V1.18.0, STM32Cube_FW_WB_V1.19.0, STM32Cube_FW_WL_V1.3.0, X-CUBE-ALGOBUILD_V1.3.0, X-CUBE-ALS_V1.0.1, X-CUBE-AZRTOS-F4_V1.1.0, X-CUBE-AZRTOS-F7_V1.1.0, X-CUBE-AZRTOS-G0_V1.1.0, X-CUBE-AZRTOS-G4_V2.0.0, X-CUBE-AZRTOS-H7_V3.2.0, X-CUBE-AZRTOS-L4_V1.0.0, X-CUBE-AZRTOS-L4_V2.0.0, X-CUBE-AZRTOS-L5_V1.1.0, X-CUBE-AZRTOS-WB_V2.0.0, X-CUBE-AZRTOS-WL_V2.0.0, X-CUBE-BLE1_V7.0.0, X-CUBE-BLE2_V3.3.0, X-CUBE-BLEMGR_V3.1.0, X-CUBE-EEPRMA1_V4.1.0, X-CUBE-EEPRMA1_V5.1.0, X-CUBE-FREERTOS_V1.1.0, X-CUBE-GNSS1_V6.0.0, X-CUBE-MEMS1_V10.0.0, X-CUBE-MEMS1_V9.1.0, X-CUBE-MEMS1_V9.4.0, X-CUBE-MEMS1_V9.6.0, X-CUBE-NFC4_V3.0.0, X-CUBE-NFC7_V1.0.1, X-CUBE-SFXS2LP1_V4.0.0, X-CUBE-SUBG2_V5.0.0, X-CUBE-TOF1_V3.4.0]
2024-06-25 20:36:19,804 [WARN] MainUpdater:1194 - Updater busy. Cannot search thirdparties
2024-06-25 20:36:19,804 [INFO] ThirdPartyUpdaterWithRetryManager:96 - Updater plugin is busy. [15/15]
2024-06-25 20:36:19,804 [ERROR] IntegrityCheckThread:130 - Cannot retrieve database content from updater: error -1
2024-06-25 20:36:19,805 [INFO] ThirdParty:978 - Integrity check success = false
2024-06-25 20:36:19,805 [INFO] IntegrityCheckThread:100 - exiting critical section [integrity check]
2024-06-25 20:36:19,805 [INFO] IntegrityCheckThread:103 - End integrity checks thread
2024-06-25 20:36:20,842 [INFO] ApiDb:240 - Found 483 in-development CPN: [B-G473E-ZEST1S, B-WB1M-WPAN1, B-WL5M-SUBG1, NUCLEO-C031C6, NUCLEO-H503RB, NUCLEO-H533RE, NUCLEO-H563ZI, NUCLEO-H7S3L8, NUCLEO-U031R8, NUCLEO-U083RC, NUCLEO-U545RE-Q, NUCLEO-U5A5ZJ-Q, NUCLEO-WBA52CG, NUCLEO-WBA55CG, STEVAL-PROTEUS1, STEVAL-SMARTAG2, STEVAL-STWINBX1, STM320518-EVAL, STM32C0116-DK, STM32C011D6Y3TR, STM32C011D6Y6TR, STM32C011F4P3, STM32C011F4P6, STM32C011F4U3, STM32C011F4U6TR, STM32C011F6P3, STM32C011F6P6, STM32C011F6U3, STM32C011F6U6TR, STM32C011J4M3, STM32C011J4M6, STM32C011J6M3, STM32C011J6M6, STM32C0316-DK, STM32C031C4T3, STM32C031C4T6, STM32C031C4U3, STM32C031C4U6, STM32C031C6T3, STM32C031C6T6, STM32C031C6U3, STM32C031C6U6, STM32C031F4P3, STM32C031F4P6, STM32C031F6P3, STM32C031F6P6, STM32C031G4U3, STM32C031G4U6, STM32C031G6U3, STM32C031G6U6, STM32C031K4T3, STM32C031K4T6, STM32C031K4U3, STM32C031K4U6, STM32C031K6T3, STM32C031K6T6, STM32C031K6U3, STM32C031K6U6, STM32G071K8TXN, STM32G071K8UXN, STM32G081GBU6N, STM32G081KBT6N, STM32G081KBUXN, STM32G0B1CCT6N, STM32G0B1KCT6, STM32G0B1NEY6TR, STM32G0B1RCT6N, STM32G0C1CCT6, STM32G0C1CCT6N, STM32G0C1CCU6N, STM32G0C1CET6N, STM32G0C1CEU6N, STM32G0C1KCT6, STM32G0C1NEY6TR, STM32G0C1RCI6N, STM32G0C1RCT6N, STM32G0C1REI6N, STM32G0C1RET6N, STM32G0C1VCI6, STM32G0C1VEI6, STM32G471CCT6, STM32G471CCU6, STM32G471CET3, STM32G471CET6, STM32G471CEU3, STM32G471CEU6, STM32G471MCT6, STM32G471MET3, STM32G471MET6, STM32G471MEY6TR, STM32G471QCT6, STM32G471QET3, STM32G471RCT6, STM32G471RET3, STM32G471RET6, STM32G471VCH6, STM32G471VCI6, STM32G471VCT6, STM32G471VEH3, STM32G471VEH6, STM32G471VEI3, STM32G471VEI6, STM32G471VET3, STM32G471VET6, STM32G474CCT6, STM32H503CBT6, STM32H503CBU6, STM32H503EBY6TR, STM32H503KBU6, STM32H503RBT6, STM32H523CCT6, STM32H523CCU6, STM32H523CET6, STM32H523CEU6, STM32H523HEY6TR, STM32H523RCT6, STM32H523RET6, STM32H523VCI6, STM32H523VCT6, STM32H523VEI6, STM32H523VET6, STM32H523ZCJ6, STM32H523ZCT6, STM32H523ZEJ6, STM32H523ZET6, STM32H533CET6, STM32H533CEU6, STM32H533HEY6TR, STM32H533RET6, STM32H533VEI6, STM32H533VET6, STM32H533ZEJ6, STM32H533ZET6, STM32H562AGI6, STM32H562AII6, STM32H562IGK6, STM32H562IGT6, STM32H562IIK6, STM32H562IIT6, STM32H562RGT6, STM32H562RGV6, STM32H562RIT6, STM32H562RIV6, STM32H562VGT6, STM32H562VIT6, STM32H562ZGT6, STM32H562ZIT6, STM32H563AGI6, STM32H563AII3Q, STM32H563AII6, STM32H563IGK6, STM32H563IGT6, STM32H563IIK3Q, STM32H563IIK6, STM32H563IIT3Q, STM32H563IIT6, STM32H563MIY3QTR, STM32H563RGT6, STM32H563RGV6, STM32H563RIT6, STM32H563RIV6, STM32H563VGT6, STM32H563VIT3Q, STM32H563VIT6, STM32H563ZGT6, STM32H563ZIT3Q, STM32H563ZIT6, STM32H573AII3Q, STM32H573AII6, STM32H573I-DK, STM32H573IIK3Q, STM32H573IIK6, STM32H573IIT3Q, STM32H573IIT6, STM32H573MIY3QTR, STM32H573RIT6, STM32H573RIV6, STM32H573VIT3Q, STM32H573VIT6, STM32H573ZIT3Q, STM32H573ZIT6, STM32H7R3A8I6, STM32H7R3I8K6, STM32H7R3I8T6, STM32H7R3L8H6, STM32H7R3L8H6H, STM32H7R3R8V6, STM32H7R3V8H6, STM32H7R3V8T6, STM32H7R3V8Y6, STM32H7R3Z8J6, STM32H7R3Z8T6, STM32H7R7A8I6, STM32H7R7I8K6, STM32H7R7I8T6, STM32H7R7L8H6, STM32H7R7L8H6H, STM32H7R7Z8J6, STM32H7S3A8I6, STM32H7S3I8K6, STM32H7S3I8T6, STM32H7S3L8H6, STM32H7S3L8H6H, STM32H7S3R8V6, STM32H7S3V8H6, STM32H7S3V8T6, STM32H7S3V8Y6, STM32H7S3Z8J6, STM32H7S3Z8T6, STM32H7S78-DK, STM32H7S7A8I6, STM32H7S7I8K6, STM32H7S7I8T6, STM32H7S7L8H6, STM32H7S7L8H6H, STM32H7S7Z8J6, STM32L4R5QGI6STR, STM32MP131AAE3, STM32MP131AAF3, STM32MP131AAG3, STM32MP131CAE3, STM32MP131CAF3, STM32MP131CAG3, STM32MP131DAE7, STM32MP131DAF7, STM32MP131DAG7, STM32MP131FAE7, STM32MP131FAF7, STM32MP131FAG7, STM32MP133AAE3, STM32MP133AAF3, STM32MP133AAG3, STM32MP133CAE3, STM32MP133CAF3, STM32MP133CAG3, STM32MP133DAE7, STM32MP133DAF7, STM32MP133DAG7, STM32MP133FAE7, STM32MP133FAF7, STM32MP133FAG7, STM32MP135AAE3, STM32MP135AAF3, STM32MP135AAG3, STM32MP135CAE3, STM32MP135CAF3, STM32MP135CAG3, STM32MP135DAE7, STM32MP135DAF7, STM32MP135DAG7, STM32MP135F-DK, STM32MP135FAE7, STM32MP135FAF7, STM32MP135FAF7T, STM32MP135FAF7U, STM32MP135FAG7, STM32U031C6T6, STM32U031C6U6, STM32U031C8T6, STM32U031C8U6, STM32U031F4P6, STM32U031F6P6, STM32U031F8P6, STM32U031G6Y6TR, STM32U031G8Y6TR, STM32U031K4U6, STM32U031K6U6, STM32U031K8U6, STM32U031R6I6, STM32U031R6T6, STM32U031R8I6, STM32U031R8T6, STM32U073C8T6, STM32U073C8U6, STM32U073CBT6, STM32U073CBU6, STM32U073CCT6, STM32U073CCU6, STM32U073H8Y6TR, STM32U073HBY6TR, STM32U073HCY6TR, STM32U073K8U6, STM32U073KBU6, STM32U073KCU6, STM32U073M8I6, STM32U073M8T6, STM32U073MBI6, STM32U073MBT6, STM32U073MCI6, STM32U073MCT6, STM32U073R8I6, STM32U073R8T6, STM32U073RBI6, STM32U073RBT6, STM32U073RCI6, STM32U073RCT6, STM32U083C-DK, STM32U083CCT6, STM32U083CCU6, STM32U083HCY6TR, STM32U083KCU6, STM32U083MCI6, STM32U083MCT6, STM32U083RCI6, STM32U083RCT6, STM32U535CBT6, STM32U535CBT6Q, STM32U535CBU6, STM32U535CBU6Q, STM32U535CCT6, STM32U535CCT6Q, STM32U535CCU6, STM32U535CCU6Q, STM32U535CET6, STM32U535CET6Q, STM32U535CEU6, STM32U535CEU6Q, STM32U535JEY6QTR, STM32U535NCY6QTR, STM32U535NEY6QTR, STM32U535RBI6, STM32U535RBI6Q, STM32U535RBT6, STM32U535RBT6Q, STM32U535RCI6, STM32U535RCI6Q, STM32U535RCT6, STM32U535RCT6Q, STM32U535REI6, STM32U535REI6Q, STM32U535RET6, STM32U535RET6Q, STM32U535VCI6, STM32U535VCI6Q, STM32U535VCT6, STM32U535VCT6Q, STM32U535VEI6, STM32U535VEI6Q, STM32U535VET6, STM32U535VET6Q, STM32U545CET6, STM32U545CET6Q, STM32U545CEU6, STM32U545CEU6Q, STM32U545JEY6QTR, STM32U545NEY6QTR, STM32U545REI6, STM32U545REI6Q, STM32U545RET6, STM32U545RET6Q, STM32U545VEI6, STM32U545VEI6Q, STM32U545VET6, STM32U545VET6Q, STM32U595AIH6, STM32U595AIH6Q, STM32U595AJH6, STM32U595AJH6Q, STM32U595QII6, STM32U595QII6Q, STM32U595QJI6, STM32U595QJI6Q, STM32U595RIT6, STM32U595RIT6Q, STM32U595RJT6, STM32U595RJT6Q, STM32U595VIT6, STM32U595VIT6Q, STM32U595VJT6, STM32U595VJT6Q, STM32U595ZIT6, STM32U595ZIT6Q, STM32U595ZIY6QTR, STM32U595ZJT6, STM32U595ZJT6Q, STM32U595ZJY6QTR, STM32U599BJY6QTR, STM32U599NIH6Q, STM32U599NJH6Q, STM32U599VIT6Q, STM32U599VJT6, STM32U599VJT6Q, STM32U599ZIT6Q, STM32U599ZIY6QTR, STM32U599ZJT6Q, STM32U599ZJY6QTR, STM32U5A5AJH6, STM32U5A5AJH6Q, STM32U5A5QII3Q , STM32U5A5QJI6, STM32U5A5QJI6Q, STM32U5A5RJT6, STM32U5A5RJT6Q, STM32U5A5VJT6, STM32U5A5VJT6Q, STM32U5A5ZJT6, STM32U5A5ZJT6Q, STM32U5A5ZJY6QTR, STM32U5A9BJY6QTR, STM32U5A9J-DK, STM32U5A9NJH6Q, STM32U5A9VJT6Q, STM32U5A9ZJT6Q, STM32U5A9ZJY6QTR, STM32U5F7VIT6, STM32U5F7VIT6Q, STM32U5F7VJT6, STM32U5F7VJT6Q, STM32U5F9BJY6QTR, STM32U5F9NJH6Q, STM32U5F9VIT6Q, STM32U5F9VJT6Q, STM32U5F9ZIJ6QTR, STM32U5F9ZIT6Q, STM32U5F9ZJJ6QTR, STM32U5F9ZJT6Q, STM32U5G7VJT6, STM32U5G7VJT6Q, STM32U5G9BJY6QTR, STM32U5G9J-DK1, STM32U5G9J-DK2, STM32U5G9NJH6Q, STM32U5G9VJT6Q, STM32U5G9ZJJ6QTR, STM32U5G9ZJT6Q, STM32WB1MMCH6, STM32WBA50KEU6, STM32WBA50KEU6TR, STM32WBA50KGU6, STM32WBA50KGU6TR, STM32WBA52CEU6, STM32WBA52CEU6TR, STM32WBA52CEU7, STM32WBA52CEU7TR, STM32WBA52CGU6, STM32WBA52CGU6TR, STM32WBA52CGU6U, STM32WBA52CGU7, STM32WBA52CGU7TR, STM32WBA52KEU6, STM32WBA52KEU6TR, STM32WBA52KGU6, STM32WBA52KGU6TR, STM32WBA54CEU6, STM32WBA54CEU6TR, STM32WBA54CEU7, STM32WBA54CEU7TR, STM32WBA54CGU6, STM32WBA54CGU6TR, STM32WBA54CGU7, STM32WBA54CGU7TR, STM32WBA54KEU6, STM32WBA54KEU6TR, STM32WBA54KEU7, STM32WBA54KEU7TR, STM32WBA54KGU6, STM32WBA54KGU6TR, STM32WBA54KGU7, STM32WBA54KGU7TR, STM32WBA55CEU6, STM32WBA55CEU6TR, STM32WBA55CEU7, STM32WBA55CEU7TR, STM32WBA55CGU6, STM32WBA55CGU6TR, STM32WBA55CGU6U, STM32WBA55CGU7, STM32WBA55CGU7TR, STM32WBA55G-DK1, STM32WBA55HEF6, STM32WBA55HEF7, STM32WBA55HGF6, STM32WBA55HGF7, STM32WBA55UEI6, STM32WBA55UEI6TR, STM32WBA55UEI7, STM32WBA55UEI7TR, STM32WBA55UGI6, STM32WBA55UGI6TR, STM32WBA55UGI7, STM32WBA55UGI7TR, STM32WL5MOCH6, STM32WL5MOCH6TR]
2024-06-25 20:36:20,848 [INFO] DbMcus:218 - Found 4091 MCUs, 4091 are supported
2024-06-25 20:36:20,849 [INFO] ApiDb:414 - User favorites file not found: /Users/tungnguyen/.stm32cubeide/favorites.mcus.txt
2024-06-25 20:36:20,849 [INFO] DbMcus:224 - Set 0 / 0 favorites MCUs
2024-06-25 20:36:21,240 [INFO] ApiDb:414 - User favorites file not found: /Users/tungnguyen/.stm32cubeide/favorites.boards.txt
2024-06-25 20:36:21,249 [INFO] DbBoards:198 - Set 0 / 0 favorites Boards
2024-06-25 20:36:21,250 [INFO] McuFinderGlobals:76 - Set McuFinderConnectedMode to false
2024-06-25 20:36:21,255 [INFO] MultiScanPanel:200 - Auto-refresh data requested => check proxy status ongoing
2024-06-25 20:36:21,255 [INFO] MultiScanPanel:204 - Proxy status is invalid
2024-06-25 20:36:21,257 [INFO] FinderPluginLoader:95 - Searching for filters in installed packs
2024-06-25 20:36:21,522 [ERROR] ServerAccessManage:1089 - Problem, file not found on Server
2024-06-25 20:36:21,548 [INFO] ServerAccessManage:473 - Download File STMicroelectronics.X-CUBE-TOUCHGFX.pdsc
2024-06-25 20:36:22,049 [INFO] ServerAccessManage:473 - Download File STMicroelectronics.X-CUBE-ALGOBUILD.pdsc
2024-06-25 20:36:22,676 [WARN] DetailPanel:346 - Failed to get advertising image, set to default
2024-06-25 20:36:23,305 [INFO] ServerAccessManage:473 - Download File STMicroelectronics.X-CUBE-AZRTOS-H7.pdsc
2024-06-25 20:36:29,942 [INFO] ServerAccessManage:473 - Download File STMicroelectronics.X-CUBE-AZRTOS-H7RS.pdsc
2024-06-25 20:36:30,030 [INFO] ServerAccessManage:473 - Download File STMicroelectronics.X-CUBE-AZRTOS-F4.pdsc
2024-06-25 20:36:32,586 [INFO] ServerAccessManage:473 - Download File STMicroelectronics.X-CUBE-AZRTOS-F7.pdsc
2024-06-25 20:36:35,889 [INFO] ServerAccessManage:473 - Download File STMicroelectronics.X-CUBE-AZRTOS-L4.pdsc
2024-06-25 20:36:39,551 [INFO] ServerAccessManage:473 - Download File STMicroelectronics.X-CUBE-AZRTOS-L5.pdsc
2024-06-25 20:36:44,116 [INFO] ServerAccessManage:473 - Download File STMicroelectronics.X-CUBE-AZRTOS-G0.pdsc
2024-06-25 20:36:46,817 [INFO] ServerAccessManage:473 - Download File STMicroelectronics.X-CUBE-AZRTOS-G4.pdsc
2024-06-25 20:36:49,446 [INFO] ServerAccessManage:473 - Download File STMicroelectronics.X-CUBE-AZRTOS-WB.pdsc
2024-06-25 20:36:53,115 [INFO] ServerAccessManage:473 - Download File STMicroelectronics.X-CUBE-AZRTOS-WL.pdsc
2024-06-25 20:36:55,390 [INFO] ServerAccessManage:473 - Download File wolfSSL.I-CUBE-wolfSSL.pdsc
2024-06-25 20:37:03,577 [ERROR] ServerAccessManage:1089 - Problem, file not found on Server
2024-06-25 20:37:04,155 [ERROR] ServerAccessManage:1089 - Problem, file not found on Server
2024-06-25 20:37:04,833 [ERROR] ServerAccessManage:1089 - Problem, file not found on Server
2024-06-25 20:37:05,243 [INFO] ServerAccessManage:473 - Download File wolfSSL.I-CUBE-wolfMQTT.pdsc
2024-06-25 20:37:07,188 [ERROR] ServerAccessManage:1089 - Problem, file not found on Server
2024-06-25 20:37:09,857 [INFO] ServerAccessManage:473 - Download File SEGGER.I-CUBE-embOS.pdsc
2024-06-25 20:37:28,688 [INFO] ServerAccessManage:473 - Download File portGmbH.I-Cube-SoM-uGOAL.pdsc
2024-06-25 20:37:37,419 [ERROR] ServerAccessManage:1089 - Problem, file not found on Server
2024-06-25 20:37:37,725 [ERROR] ServerAccessManage:1089 - Problem, file not found on Server
2024-06-25 20:37:38,032 [ERROR] ServerAccessManage:1089 - Problem, file not found on Server
2024-06-25 20:37:44,131 [INFO] ServerAccessManage:473 - Download File emotas.I-CUBE-CANOPEN.pdsc
2024-06-25 20:37:47,093 [INFO] ServerAccessManage:473 - Download File WES.I-CUBE-Cesium.pdsc
2024-06-25 20:37:47,950 [ERROR] ServerAccessManage:1089 - Problem, file not found on Server
2024-06-25 20:37:48,328 [ERROR] ServerAccessManage:1089 - Problem, file not found on Server
2024-06-25 20:37:51,335 [INFO] ServerAccessManage:473 - Download File ITTIA_DB.I-CUBE-ITTIADB.pdsc
2024-06-25 20:38:02,310 [INFO] ServerAccessManage:473 - Download File Infineon.AIROC-Wi-Fi-Bluetooth-STM32.pdsc
2024-06-25 20:38:09,861 [INFO] ServerAccessManage:473 - Download File Cesanta.I-CUBE-Mongoose.pdsc
2024-06-25 20:38:13,875 [WARN] PackLoader:240 - Cannot read IP mode file for STMicroelectronics.FP-ATR-ASTRA1.2.0.0
2024-06-25 20:38:13,878 [WARN] CheckServerUpdateThread:151 - Open CheckUpdateFile Fail
2024-06-25 20:38:13,881 [WARN] PackLoader:240 - Cannot read IP mode file for STMicroelectronics.FP-ATR-SIGFOX1.3.2.0
2024-06-25 20:38:13,887 [WARN] PackLoader:240 - Cannot read IP mode file for STMicroelectronics.FP-SNS-FLIGHT1.5.0.2
2024-06-25 20:38:13,893 [WARN] PackLoader:240 - Cannot read IP mode file for STMicroelectronics.FP-SNS-MOTENV1.5.0.0
2024-06-25 20:38:13,899 [WARN] PackLoader:240 - Cannot read IP mode file for STMicroelectronics.FP-SNS-MOTENVWB1.1.4.0
2024-06-25 20:38:13,906 [WARN] PackLoader:240 - Cannot read IP mode file for STMicroelectronics.FP-SNS-SMARTAG2.1.2.0
2024-06-25 20:38:13,911 [WARN] PackLoader:240 - Cannot read IP mode file for STMicroelectronics.X-CUBE-AI.9.0.0
2024-06-25 20:38:13,917 [WARN] PackLoader:240 - Cannot read IP mode file for STMicroelectronics.X-CUBE-ALS.1.0.2
2024-06-25 20:38:13,924 [WARN] PackLoader:240 - Cannot read IP mode file for STMicroelectronics.X-CUBE-BLE1.7.0.0
2024-06-25 20:38:13,930 [WARN] PackLoader:240 - Cannot read IP mode file for STMicroelectronics.X-CUBE-BLE2.3.3.0
2024-06-25 20:38:13,942 [WARN] PackLoader:240 - Cannot read IP mode file for STMicroelectronics.X-CUBE-BLEMGR.3.1.0
2024-06-25 20:38:13,954 [WARN] PackLoader:240 - Cannot read IP mode file for STMicroelectronics.X-CUBE-DISPLAY.3.0.0
2024-06-25 20:38:13,965 [WARN] PackLoader:240 - Cannot read IP mode file for STMicroelectronics.X-CUBE-EEPRMA1.5.1.0
2024-06-25 20:38:13,973 [WARN] PackLoader:240 - Cannot read IP mode file for STMicroelectronics.X-CUBE-FREERTOS.1.2.0
2024-06-25 20:38:13,978 [WARN] PackLoader:240 - Cannot read IP mode file for STMicroelectronics.X-CUBE-GNSS1.6.0.0
2024-06-25 20:38:13,983 [WARN] PackLoader:240 - Cannot read IP mode file for STMicroelectronics.X-CUBE-ISPU.2.0.0
2024-06-25 20:38:14,008 [INFO] CheckServerUpdateThread:120 - End of CheckServer Thread
2024-06-25 20:38:14,033 [WARN] PackLoader:240 - Cannot read IP mode file for STMicroelectronics.X-CUBE-MEMS1.10.0.0
2024-06-25 20:38:14,176 [WARN] PackLoader:240 - Cannot read IP mode file for STMicroelectronics.X-CUBE-NFC4.3.0.0
2024-06-25 20:38:14,184 [WARN] PackLoader:240 - Cannot read IP mode file for STMicroelectronics.X-CUBE-NFC6.3.1.0
2024-06-25 20:38:14,190 [WARN] PackLoader:240 - Cannot read IP mode file for STMicroelectronics.X-CUBE-NFC7.1.0.1
2024-06-25 20:38:14,196 [WARN] PackLoader:240 - Cannot read IP mode file for STMicroelectronics.X-CUBE-SFXS2LP1.4.0.0
2024-06-25 20:38:14,202 [WARN] PackLoader:240 - Cannot read IP mode file for STMicroelectronics.X-CUBE-SAFEA1.1.2.2
2024-06-25 20:38:14,212 [WARN] PackLoader:240 - Cannot read IP mode file for STMicroelectronics.X-CUBE-SUBG2.5.0.0
2024-06-25 20:38:14,220 [WARN] PackLoader:240 - Cannot read IP mode file for STMicroelectronics.X-CUBE-SMBUS.2.1.0
2024-06-25 20:38:14,224 [WARN] PackLoader:240 - Cannot read IP mode file for STMicroelectronics.X-CUBE-TCPP.4.1.0
2024-06-25 20:38:14,234 [WARN] PackLoader:240 - Cannot read IP mode file for STMicroelectronics.X-CUBE-TOF1.3.4.1
2024-06-25 20:38:14,250 [WARN] PackLoader:240 - Cannot read IP mode file for STMicroelectronics.X-CUBE-TOUCHGFX.4.24.0
2024-06-25 20:38:14,256 [WARN] PackLoader:240 - Cannot read IP mode file for STMicroelectronics.X-CUBE-ALGOBUILD.1.4.0
2024-06-25 20:38:14,275 [WARN] PackLoader:240 - Cannot read IP mode file for STMicroelectronics.X-CUBE-AZRTOS-H7.3.2.0
2024-06-25 20:38:14,293 [WARN] PackLoader:240 - Cannot read IP mode file for STMicroelectronics.X-CUBE-AZRTOS-H7RS.1.0.0
2024-06-25 20:38:14,318 [WARN] PackLoader:240 - Cannot read IP mode file for STMicroelectronics.X-CUBE-AZRTOS-F4.1.1.0
2024-06-25 20:38:14,335 [WARN] PackLoader:240 - Cannot read IP mode file for STMicroelectronics.X-CUBE-AZRTOS-F7.1.1.0
2024-06-25 20:38:14,353 [WARN] ConditionMgr:438 - getConditionDescription Invalid condition id : LAN8742 Phy interface Condition cause : null
2024-06-25 20:38:14,353 [WARN] PackLoader:240 - Cannot read IP mode file for STMicroelectronics.X-CUBE-AZRTOS-L4.2.0.0
2024-06-25 20:38:14,354 [WARN] ConditionMgr:1039 - genDependencies : Invalid condition id : LAN8742 Phy interface Condition cause : null
2024-06-25 20:38:14,355 [WARN] ConditionMgr:1039 - genDependencies : Invalid condition id : LAN8742 Phy interface Condition cause : null
2024-06-25 20:38:14,355 [WARN] ConditionMgr:1039 - genDependencies : Invalid condition id : LAN8742 Phy interface Condition cause : null
2024-06-25 20:38:14,371 [WARN] PackLoader:240 - Cannot read IP mode file for STMicroelectronics.X-CUBE-AZRTOS-L5.2.0.0
2024-06-25 20:38:14,385 [WARN] PackLoader:240 - Cannot read IP mode file for STMicroelectronics.X-CUBE-AZRTOS-G0.1.1.0
2024-06-25 20:38:14,412 [WARN] PackLoader:240 - Cannot read IP mode file for STMicroelectronics.X-CUBE-AZRTOS-G4.2.0.0
2024-06-25 20:38:14,425 [WARN] ConditionMgr:438 - getConditionDescription Invalid condition id : UX DEVICE CLASS RTOS Condition cause : null
2024-06-25 20:38:14,425 [WARN] ConditionMgr:438 - getConditionDescription Invalid condition id : UX DEVICE CLASS RTOS Condition cause : null
2024-06-25 20:38:14,427 [WARN] PackLoader:240 - Cannot read IP mode file for STMicroelectronics.X-CUBE-AZRTOS-WB.2.0.0
2024-06-25 20:38:14,427 [WARN] ConditionMgr:1039 - genDependencies : Invalid condition id : UX DEVICE CLASS RTOS Condition cause : null
2024-06-25 20:38:14,428 [WARN] ConditionMgr:1039 - genDependencies : Invalid condition id : UX DEVICE CLASS RTOS Condition cause : null
2024-06-25 20:38:14,428 [WARN] ConditionMgr:1039 - genDependencies : Invalid condition id : UX DEVICE CLASS RTOS Condition cause : null
2024-06-25 20:38:14,428 [WARN] ConditionMgr:1039 - genDependencies : Invalid condition id : UX DEVICE CLASS RTOS Condition cause : null
2024-06-25 20:38:14,428 [WARN] ConditionMgr:1039 - genDependencies : Invalid condition id : UX DEVICE CLASS RTOS Condition cause : null
2024-06-25 20:38:14,437 [INFO] LogOutputStream:77 - [STDOUT_REDIRECT] 1 : Invalid condition id : UX_CORESTACK_Condition cause : null
2024-06-25 20:38:14,438 [INFO] LogOutputStream:77 - [STDOUT_REDIRECT] 1 : Invalid condition id : UX_CORESTACK_Condition cause : null
2024-06-25 20:38:14,438 [INFO] LogOutputStream:77 - [STDOUT_REDIRECT] 1 : Invalid condition id : UX_CORESTACK_Condition cause : null
2024-06-25 20:38:14,438 [INFO] LogOutputStream:77 - [STDOUT_REDIRECT] 1 : Invalid condition id : UX_CORESTACK_Condition cause : null
2024-06-25 20:38:14,438 [INFO] LogOutputStream:77 - [STDOUT_REDIRECT] 1 : Invalid condition id : UX_CORESTACK_Condition cause : null
2024-06-25 20:38:14,441 [WARN] PackLoader:240 - Cannot read IP mode file for STMicroelectronics.X-CUBE-AZRTOS-WL.2.0.0
2024-06-25 20:38:14,445 [WARN] PackLoader:240 - Cannot read IP mode file for wolfSSL.I-CUBE-wolfSSL.5.7.0
2024-06-25 20:38:14,447 [WARN] PackLoader:240 - Cannot read IP mode file for wolfSSL.I-CUBE-wolfMQTT.1.19.0
2024-06-25 20:38:14,475 [WARN] PackLoader:240 - Cannot read IP mode file for SEGGER.I-CUBE-embOS.1.3.1
2024-06-25 20:38:14,513 [WARN] PackLoader:240 - Cannot read IP mode file for portGmbH.I-Cube-SoM-uGOAL.1.1.0
2024-06-25 20:38:14,517 [WARN] PackLoader:240 - Cannot read IP mode file for emotas.I-CUBE-CANOPEN.1.3.0
2024-06-25 20:38:14,522 [WARN] PackLoader:240 - Cannot read IP mode file for WES.I-CUBE-Cesium.1.3.0
2024-06-25 20:38:14,527 [WARN] PackLoader:240 - Cannot read IP mode file for ITTIA_DB.I-CUBE-ITTIADB.8.9.0
2024-06-25 20:38:14,538 [WARN] PackLoader:240 - Cannot read IP mode file for Infineon.AIROC-Wi-Fi-Bluetooth-STM32.1.6.0
2024-06-25 20:38:14,543 [WARN] PackLoader:240 - Cannot read IP mode file for Cesanta.I-CUBE-Mongoose.7.13.0
2024-06-25 20:38:14,543 [INFO] PopulateThirdPartyThread:66 - Ending populate Thread
2024-06-25 20:38:14,545 [INFO] ThirdParty:1030 - CMSIS Pack Vendor :STMicroelectronics X-CUBE-DISPLAY 3.0.0
2024-06-25 20:38:14,546 [INFO] ThirdParty:1030 - CMSIS Pack Vendor :STMicroelectronics X-CUBE-GNSS1 6.0.0
2024-06-25 20:38:14,546 [INFO] ThirdParty:1030 - CMSIS Pack Vendor :STMicroelectronics FP-SNS-MOTENVWB1 1.4.0
2024-06-25 20:38:14,546 [INFO] ThirdParty:1030 - CMSIS Pack Vendor :STMicroelectronics X-CUBE-AZRTOS-F4 1.1.0
2024-06-25 20:38:14,546 [INFO] ThirdParty:1030 - CMSIS Pack Vendor :wolfSSL I-CUBE-wolfSSL 5.7.0
2024-06-25 20:38:14,546 [INFO] ThirdParty:1030 - CMSIS Pack Vendor :STMicroelectronics FP-ATR-SIGFOX1 3.2.0
2024-06-25 20:38:14,546 [INFO] ThirdParty:1030 - CMSIS Pack Vendor :STMicroelectronics X-CUBE-BLE1 7.0.0
2024-06-25 20:38:14,546 [INFO] ThirdParty:1030 - CMSIS Pack Vendor :STMicroelectronics X-CUBE-SMBUS 2.1.0
2024-06-25 20:38:14,546 [INFO] ThirdParty:1030 - CMSIS Pack Vendor :STMicroelectronics X-CUBE-ISPU 2.0.0
2024-06-25 20:38:14,546 [INFO] ThirdParty:1030 - CMSIS Pack Vendor :STMicroelectronics X-CUBE-TCPP 4.1.0
2024-06-25 20:38:14,546 [INFO] ThirdParty:1030 - CMSIS Pack Vendor :STMicroelectronics X-CUBE-EEPRMA1 5.1.0
2024-06-25 20:38:14,546 [INFO] ThirdParty:1030 - CMSIS Pack Vendor :STMicroelectronics X-CUBE-ALS 1.0.2
2024-06-25 20:38:14,546 [INFO] ThirdParty:1030 - CMSIS Pack Vendor :STMicroelectronics X-CUBE-FREERTOS 1.2.0
2024-06-25 20:38:14,547 [INFO] ThirdParty:1030 - CMSIS Pack Vendor :STMicroelectronics X-CUBE-AZRTOS-WB 2.0.0
2024-06-25 20:38:14,547 [INFO] ThirdParty:1030 - CMSIS Pack Vendor :emotas I-CUBE-CANOPEN 1.3.0
2024-06-25 20:38:14,547 [INFO] ThirdParty:1030 - CMSIS Pack Vendor :STMicroelectronics X-CUBE-MEMS1 10.0.0
2024-06-25 20:38:14,547 [INFO] ThirdParty:1030 - CMSIS Pack Vendor :STMicroelectronics X-CUBE-NFC7 1.0.1
2024-06-25 20:38:14,547 [INFO] ThirdParty:1030 - CMSIS Pack Vendor :STMicroelectronics X-CUBE-TOUCHGFX 4.24.0
2024-06-25 20:38:14,547 [INFO] ThirdParty:1030 - CMSIS Pack Vendor :ITTIA_DB I-CUBE-ITTIADB 8.9.0
2024-06-25 20:38:14,547 [INFO] ThirdParty:1030 - CMSIS Pack Vendor :STMicroelectronics X-CUBE-AZRTOS-F7 1.1.0
2024-06-25 20:38:14,547 [INFO] ThirdParty:1030 - CMSIS Pack Vendor :STMicroelectronics X-CUBE-AZRTOS-L5 2.0.0
2024-06-25 20:38:14,547 [INFO] ThirdParty:1030 - CMSIS Pack Vendor :portGmbH I-Cube-SoM-uGOAL 1.1.0
2024-06-25 20:38:14,547 [INFO] ThirdParty:1030 - CMSIS Pack Vendor :STMicroelectronics X-CUBE-NFC6 3.1.0
2024-06-25 20:38:14,547 [INFO] ThirdParty:1030 - CMSIS Pack Vendor :STMicroelectronics X-CUBE-BLEMGR 3.1.0
2024-06-25 20:38:14,547 [INFO] ThirdParty:1030 - CMSIS Pack Vendor :STMicroelectronics FP-SNS-SMARTAG2 1.2.0
2024-06-25 20:38:14,547 [INFO] ThirdParty:1030 - CMSIS Pack Vendor :STMicroelectronics X-CUBE-AZRTOS-WL 2.0.0
2024-06-25 20:38:14,548 [INFO] ThirdParty:1030 - CMSIS Pack Vendor :SEGGER I-CUBE-embOS 1.3.1
2024-06-25 20:38:14,548 [INFO] ThirdParty:1030 - CMSIS Pack Vendor :STMicroelectronics X-CUBE-ALGOBUILD 1.4.0
2024-06-25 20:38:14,548 [INFO] ThirdParty:1030 - CMSIS Pack Vendor :STMicroelectronics FP-SNS-MOTENV1 5.0.0
2024-06-25 20:38:14,548 [INFO] ThirdParty:1030 - CMSIS Pack Vendor :STMicroelectronics X-CUBE-AZRTOS-G0 1.1.0
2024-06-25 20:38:14,548 [INFO] ThirdParty:1030 - CMSIS Pack Vendor :STMicroelectronics X-CUBE-NFC4 3.0.0
2024-06-25 20:38:14,548 [INFO] ThirdParty:1030 - CMSIS Pack Vendor :STMicroelectronics X-CUBE-SAFEA1 1.2.2
2024-06-25 20:38:14,548 [INFO] ThirdParty:1030 - CMSIS Pack Vendor :STMicroelectronics X-CUBE-SUBG2 5.0.0
2024-06-25 20:38:14,548 [INFO] ThirdParty:1030 - CMSIS Pack Vendor :STMicroelectronics X-CUBE-AZRTOS-H7RS 1.0.0
2024-06-25 20:38:14,548 [INFO] ThirdParty:1030 - CMSIS Pack Vendor :wolfSSL I-CUBE-wolfMQTT 1.19.0
2024-06-25 20:38:14,548 [INFO] ThirdParty:1030 - CMSIS Pack Vendor :STMicroelectronics X-CUBE-AZRTOS-L4 2.0.0
2024-06-25 20:38:14,548 [INFO] ThirdParty:1030 - CMSIS Pack Vendor :STMicroelectronics FP-ATR-ASTRA1 2.0.0
2024-06-25 20:38:14,548 [INFO] ThirdParty:1030 - CMSIS Pack Vendor :WES I-CUBE-Cesium 1.3.0
2024-06-25 20:38:14,548 [INFO] ThirdParty:1030 - CMSIS Pack Vendor :STMicroelectronics X-CUBE-SFXS2LP1 4.0.0
2024-06-25 20:38:14,548 [INFO] ThirdParty:1030 - CMSIS Pack Vendor :STMicroelectronics FP-SNS-FLIGHT1 5.0.2
2024-06-25 20:38:14,549 [INFO] ThirdParty:1030 - CMSIS Pack Vendor :STMicroelectronics X-CUBE-BLE2 3.3.0
2024-06-25 20:38:14,549 [INFO] ThirdParty:1030 - CMSIS Pack Vendor :Cesanta I-CUBE-Mongoose 7.13.0
2024-06-25 20:38:14,549 [INFO] ThirdParty:1030 - CMSIS Pack Vendor :STMicroelectronics X-CUBE-AI 9.0.0
2024-06-25 20:38:14,549 [INFO] ThirdParty:1030 - CMSIS Pack Vendor :STMicroelectronics X-CUBE-TOF1 3.4.1
2024-06-25 20:38:14,549 [INFO] ThirdParty:1030 - CMSIS Pack Vendor :STMicroelectronics X-CUBE-AZRTOS-G4 2.0.0
2024-06-25 20:38:14,549 [INFO] ThirdParty:1030 - CMSIS Pack Vendor :STMicroelectronics X-CUBE-AZRTOS-H7 3.2.0
2024-06-25 20:38:14,549 [INFO] ThirdParty:1030 - CMSIS Pack Vendor :Infineon AIROC-Wi-Fi-Bluetooth-STM32 1.6.0
2024-06-25 20:38:14,550 [INFO] LoadServerUpdatesThread:375 - End of LoadServerUpdate Thread
2024-06-25 20:43:24,344 [INFO] MultiScanPanel:200 - Auto-refresh data requested => check proxy status ongoing
2024-06-25 20:43:24,345 [INFO] MultiScanPanel:204 - Proxy status is invalid
2024-06-25 20:43:24,458 [WARN] DetailPanel:346 - Failed to get advertising image, set to default
2024-06-25 20:43:24,478 [INFO] DbBoards:642 - Loading board mini-images...
2024-06-25 20:43:25,171 [ERROR] DbBoards:659 - Image file not found for board NUCLEO-H533RE: /Users/tungnguyen/.stmcufinder/plugins/mcufinder//mcu//boards_images/NUCLEO-H533RE.jpg
2024-06-25 20:43:25,509 [ERROR] DbBoards:659 - Image file not found for board NUCLEO-U031R8: /Users/tungnguyen/.stmcufinder/plugins/mcufinder//mcu//boards_images/NUCLEO-U031R8.jpg
2024-06-25 20:43:25,595 [ERROR] DbBoards:659 - Image file not found for board NUCLEO-WBA55CG: /Users/tungnguyen/.stmcufinder/plugins/mcufinder//mcu//boards_images/NUCLEO-WBA55CG.jpg
2024-06-25 20:43:26,904 [ERROR] DbBoards:659 - Image file not found for board STM32WBA55G-DK1: /Users/tungnguyen/.stmcufinder/plugins/mcufinder//mcu//boards_images/STM32WBA55G-DK1.jpg
2024-06-25 20:43:26,904 [INFO] DbBoards:665 - Loaded 195 board mini-images
2024-06-25 20:44:07,679 [INFO] MetaSearchPanel:254 - search for filter with key=STM32F4
2024-06-25 20:44:07,680 [INFO] MetaSearchPanel:355 - search for filter component McuSeries
2024-06-25 20:44:07,680 [INFO] MetaSearchPanel:329 - Collapse all filters sections
2024-06-25 20:45:24,829 [INFO] MultiScanPanel:200 - Auto-refresh data requested => check proxy status ongoing
2024-06-25 20:45:24,830 [INFO] MultiScanPanel:204 - Proxy status is invalid
2024-06-25 20:45:24,833 [INFO] ApiDb:668 - CubeFinder database Data Model version=2.1
2024-06-25 20:45:24,834 [INFO] ApiDb:669 - CubeFinder database Configuration version=3.0.39
2024-06-25 20:45:24,834 [INFO] ApiDb:670 - CubeFinder database generation date=2024-03-01 (1709305525)
2024-06-25 20:45:24,834 [INFO] ApiDb:671 - CubeFinder database FW Pack versions=[FP-ATR-ASTRA1_V2.0.0, FP-SNS-FLIGHT1_V5.0.1, FP-SNS-FLIGHT1_V5.0.2, FP-SNS-MOTENV1_V4.3.1, FP-SNS-MOTENV1_V4.3.2, FP-SNS-MOTENVWB1_V1.3.1, FP-SNS-SMARTAG2_V1.2.0, STM32Cube_FW_C0_V1.1.0, STM32Cube_FW_F4_V1.28.0, STM32Cube_FW_F7_V1.17.0, STM32Cube_FW_G0_V1.6.2, STM32Cube_FW_G4_V1.5.2, STM32Cube_FW_H5_V0.5.1, STM32Cube_FW_H5_V1.1.1, STM32Cube_FW_H5_V1.2.0, STM32Cube_FW_H5_V1.2.0RC4, STM32Cube_FW_H7RS_V1.0.0, STM32Cube_FW_H7RS_V1.0.0RC4, STM32Cube_FW_H7_V1.11.0, STM32Cube_FW_L0_V1.12.2, STM32Cube_FW_L5_V1.5.1, STM32Cube_FW_U0_V1.0.0, STM32Cube_FW_U0_V1.0.0RC1, STM32Cube_FW_U5_V1.3.0RC4, STM32Cube_FW_U5_V1.5.0, STM32Cube_FW_U5_V1.5.0RC1, STM32Cube_FW_WBA_V1.0.0RC1, STM32Cube_FW_WBA_V1.2.0, STM32Cube_FW_WBA_V1.2.0RC2, STM32Cube_FW_WBA_V1.3.0, STM32Cube_FW_WBA_V1.3.0RC1, STM32Cube_FW_WB_V1.15.0RC1, STM32Cube_FW_WB_V1.16.0, STM32Cube_FW_WB_V1.16.0RC2, STM32Cube_FW_WB_V1.18.0, STM32Cube_FW_WB_V1.19.0, STM32Cube_FW_WL_V1.3.0, X-CUBE-ALGOBUILD_V1.3.0, X-CUBE-ALS_V1.0.1, X-CUBE-AZRTOS-F4_V1.1.0, X-CUBE-AZRTOS-F7_V1.1.0, X-CUBE-AZRTOS-G0_V1.1.0, X-CUBE-AZRTOS-G4_V2.0.0, X-CUBE-AZRTOS-H7_V3.2.0, X-CUBE-AZRTOS-L4_V1.0.0, X-CUBE-AZRTOS-L4_V2.0.0, X-CUBE-AZRTOS-L5_V1.1.0, X-CUBE-AZRTOS-WB_V2.0.0, X-CUBE-AZRTOS-WL_V2.0.0, X-CUBE-BLE1_V7.0.0, X-CUBE-BLE2_V3.3.0, X-CUBE-BLEMGR_V3.1.0, X-CUBE-EEPRMA1_V4.1.0, X-CUBE-EEPRMA1_V5.1.0, X-CUBE-FREERTOS_V1.1.0, X-CUBE-GNSS1_V6.0.0, X-CUBE-MEMS1_V10.0.0, X-CUBE-MEMS1_V9.1.0, X-CUBE-MEMS1_V9.4.0, X-CUBE-MEMS1_V9.6.0, X-CUBE-NFC4_V3.0.0, X-CUBE-NFC7_V1.0.1, X-CUBE-SFXS2LP1_V4.0.0, X-CUBE-SUBG2_V5.0.0, X-CUBE-TOF1_V3.4.0]
2024-06-25 20:45:25,846 [ERROR] DbExamplesSqlite:437 - Missing JSON key: board_cpn
2024-06-25 20:45:25,846 [ERROR] DbExamplesSqlite:437 - Missing JSON key: board_cpn
2024-06-25 20:45:25,846 [ERROR] DbExamplesSqlite:437 - Missing JSON key: board_cpn
2024-06-25 20:45:25,846 [ERROR] DbExamplesSqlite:437 - Missing JSON key: board_cpn
2024-06-25 20:45:25,967 [INFO] DbExamplesSqlite:395 - Ignored 60 examples not supported by CubeIDE
2024-06-25 20:45:25,967 [INFO] DbExamplesSqlite:396 - Found 8152 examples active
2024-06-25 20:45:25,967 [INFO] DbExamplesSqlite:397 - Found 871 examples obsolete
2024-06-25 20:45:25,967 [INFO] DbExamplesSqlite:398 - Found 0 examples under development
2024-06-25 20:45:25,967 [INFO] DbExamplesSqlite:399 - Found 10 examples not building
2024-06-25 20:45:25,969 [INFO] DbExamples:125 - Found 8102 examples
2024-06-25 20:45:25,990 [ERROR] DbExamples:208 - Found 48 examples with invalid data (board or MCU)
2024-06-25 20:45:25,991 [INFO] DbExamples:222 - Found 101 boards with related examples
2024-06-25 20:45:25,991 [INFO] DbExamples:235 - Found 85 MCUs with related examples
2024-06-25 20:45:26,011 [INFO] ApiDb:414 - User favorites file not found: /Users/tungnguyen/.stm32cubeide/favorites.examples.txt
2024-06-25 20:45:26,012 [INFO] DbExamples:250 - Set 0 / 0 favorites Examples
2024-06-25 20:45:26,757 [INFO] SoftwarePacks:127 - Download is needed for SW pack 'FP-ATR-ASTRA1_V2.0.0'
2024-06-25 20:45:26,757 [INFO] SoftwarePacks:127 - Download is needed for SW pack 'FP-SNS-FLIGHT1_V5.0.2'
2024-06-25 20:45:26,757 [INFO] SoftwarePacks:127 - Download is needed for SW pack 'FP-SNS-MOTENV1_V4.3.2'
2024-06-25 20:45:26,757 [INFO] SoftwarePacks:127 - Download is needed for SW pack 'FP-SNS-MOTENVWB1_V1.3.1'
2024-06-25 20:45:26,757 [INFO] SoftwarePacks:127 - Download is needed for SW pack 'FP-SNS-SMARTAG2_V1.2.0'
2024-06-25 20:45:26,758 [INFO] SoftwarePacks:127 - Download is needed for SW pack 'STM32Cube_FW_C0_V1.1.0'
2024-06-25 20:45:26,758 [INFO] SoftwarePacks:127 - Download is needed for SW pack 'STM32Cube_FW_F4_V1.28.0'
2024-06-25 20:45:26,759 [INFO] SoftwarePacks:127 - Download is needed for SW pack 'STM32Cube_FW_F7_V1.17.0'
2024-06-25 20:45:26,759 [INFO] SoftwarePacks:127 - Download is needed for SW pack 'STM32Cube_FW_G0_V1.6.2'
2024-06-25 20:45:26,759 [INFO] SoftwarePacks:127 - Download is needed for SW pack 'STM32Cube_FW_G4_V1.5.2'
2024-06-25 20:45:26,760 [INFO] SoftwarePacks:127 - Download is needed for SW pack 'STM32Cube_FW_H5_V1.2.0'
2024-06-25 20:45:26,760 [INFO] SoftwarePacks:127 - Download is needed for SW pack 'STM32Cube_FW_H7RS_V1.0.0'
2024-06-25 20:45:26,760 [INFO] SoftwarePacks:127 - Download is needed for SW pack 'STM32Cube_FW_H7_V1.11.0'
2024-06-25 20:45:26,761 [INFO] SoftwarePacks:127 - Download is needed for SW pack 'STM32Cube_FW_L0_V1.12.2'
2024-06-25 20:45:26,761 [INFO] SoftwarePacks:127 - Download is needed for SW pack 'STM32Cube_FW_L5_V1.5.1'
2024-06-25 20:45:26,761 [INFO] SoftwarePacks:127 - Download is needed for SW pack 'STM32Cube_FW_U0_V1.0.0'
2024-06-25 20:45:26,761 [INFO] SoftwarePacks:127 - Download is needed for SW pack 'STM32Cube_FW_U5_V1.5.0'
2024-06-25 20:45:26,762 [INFO] SoftwarePacks:127 - Download is needed for SW pack 'STM32Cube_FW_WBA_V1.3.0'
2024-06-25 20:45:26,762 [INFO] SoftwarePacks:127 - Download is needed for SW pack 'STM32Cube_FW_WB_V1.19.0'
2024-06-25 20:45:26,762 [INFO] SoftwarePacks:127 - Download is needed for SW pack 'STM32Cube_FW_WL_V1.3.0'
2024-06-25 20:45:26,762 [INFO] SoftwarePacks:127 - Download is needed for SW pack 'X-CUBE-ALGOBUILD_V1.3.0'
2024-06-25 20:45:26,762 [INFO] SoftwarePacks:127 - Download is needed for SW pack 'X-CUBE-ALS_V1.0.1'
2024-06-25 20:45:26,763 [INFO] SoftwarePacks:127 - Download is needed for SW pack 'X-CUBE-AZRTOS-F4_V1.1.0'
2024-06-25 20:45:26,763 [INFO] SoftwarePacks:127 - Download is needed for SW pack 'X-CUBE-AZRTOS-F7_V1.1.0'
2024-06-25 20:45:26,763 [INFO] SoftwarePacks:127 - Download is needed for SW pack 'X-CUBE-AZRTOS-G0_V1.1.0'
2024-06-25 20:45:26,763 [INFO] SoftwarePacks:127 - Download is needed for SW pack 'X-CUBE-AZRTOS-G4_V2.0.0'
2024-06-25 20:45:26,763 [INFO] SoftwarePacks:127 - Download is needed for SW pack 'X-CUBE-AZRTOS-H7_V3.2.0'
2024-06-25 20:45:26,763 [INFO] SoftwarePacks:127 - Download is needed for SW pack 'X-CUBE-AZRTOS-L4_V2.0.0'
2024-06-25 20:45:26,763 [INFO] SoftwarePacks:127 - Download is needed for SW pack 'X-CUBE-AZRTOS-L5_V1.1.0'
2024-06-25 20:45:26,763 [INFO] SoftwarePacks:127 - Download is needed for SW pack 'X-CUBE-AZRTOS-WB_V2.0.0'
2024-06-25 20:45:26,763 [INFO] SoftwarePacks:127 - Download is needed for SW pack 'X-CUBE-AZRTOS-WL_V2.0.0'
2024-06-25 20:45:26,763 [INFO] SoftwarePacks:127 - Download is needed for SW pack 'X-CUBE-BLE1_V7.0.0'
2024-06-25 20:45:26,764 [INFO] SoftwarePacks:127 - Download is needed for SW pack 'X-CUBE-BLE2_V3.3.0'
2024-06-25 20:45:26,764 [INFO] SoftwarePacks:127 - Download is needed for SW pack 'X-CUBE-BLEMGR_V3.1.0'
2024-06-25 20:45:26,764 [INFO] SoftwarePacks:127 - Download is needed for SW pack 'X-CUBE-EEPRMA1_V5.1.0'
2024-06-25 20:45:26,764 [INFO] SoftwarePacks:127 - Download is needed for SW pack 'X-CUBE-FREERTOS_V1.1.0'
2024-06-25 20:45:26,764 [INFO] SoftwarePacks:127 - Download is needed for SW pack 'X-CUBE-GNSS1_V6.0.0'
2024-06-25 20:45:26,764 [INFO] SoftwarePacks:127 - Download is needed for SW pack 'X-CUBE-MEMS1_V10.0.0'
2024-06-25 20:45:26,764 [INFO] SoftwarePacks:127 - Download is needed for SW pack 'X-CUBE-NFC4_V3.0.0'
2024-06-25 20:45:26,764 [INFO] SoftwarePacks:127 - Download is needed for SW pack 'X-CUBE-NFC7_V1.0.1'
2024-06-25 20:45:26,764 [INFO] SoftwarePacks:127 - Download is needed for SW pack 'X-CUBE-SFXS2LP1_V4.0.0'
2024-06-25 20:45:26,764 [INFO] SoftwarePacks:127 - Download is needed for SW pack 'X-CUBE-SUBG2_V5.0.0'
2024-06-25 20:45:26,764 [INFO] SoftwarePacks:127 - Download is needed for SW pack 'X-CUBE-TOF1_V3.4.0'
2024-06-25 20:45:28,114 [WARN] DetailPanel:346 - Failed to get advertising image, set to default
2024-06-25 20:45:48,938 [INFO] CrossSelectorPresenter:1358 - Cross Selector saved comparison directory: /Users/tungnguyen/.stmcufinder/plugins/mcufinder/mcu/cs_comparisons_mx
2024-06-25 20:45:48,950 [INFO] CrossReferenceDbSqlite:245 - SQLite db open (/Users/tungnguyen/.stmcufinder/plugins/mcufinder/mcu/cs/crdb.db)
