2024-06-29 11:14:05,000 [INFO] Activator:176 - 


2024-06-29 11:14:05,005 [INFO] Activator:177 - !SESSION log4j initialized
2024-06-29 11:14:06,090 [INFO] LogOutputStream:77 - [STDOUT_REDIRECT] 
2024-06-29 11:14:06,787 [ERROR] LogOutputStream:75 - [STDERR_REDIRECT] 
2024-06-29 11:14:08,781 [INFO] LogOutputStream:77 - [STDOUT_REDIRECT] 
2024-06-29 11:14:11,096 [INFO] ApplicationProperties:184 - Using Application install path: /Applications/STM32CubeIDE.app/Contents/Eclipse/plugins/com.st.stm32cube.common.mx_6.11.1.202404110753
2024-06-29 11:14:11,118 [INFO] DbMcusXml:78 - Set database path to: /Applications/STM32CubeIDE.app/Contents/Eclipse/plugins/com.st.stm32cube.common.mx_6.11.1.202404110753//db//mcu/
2024-06-29 11:14:11,119 [INFO] ApiDb:274 - Set plugin database path to: /Applications/STM32CubeIDE.app/Contents/Eclipse/plugins/com.st.stm32cube.common.mx_6.11.1.202404110753//db//plugins/boardmanager/
2024-06-29 11:14:11,119 [WARN] ApiDb:259 - Overriding images path with different value:  => /Applications/STM32CubeIDE.app/Contents/Eclipse/plugins/com.st.stm32cube.common.mx_6.11.1.202404110753//db//plugins/mcufinder/images/
2024-06-29 11:14:11,126 [INFO] ApiDb:250 - Set database path to: /Users/tungnguyen/.stmcufinder/plugins/mcufinder//mcu/
2024-06-29 11:14:11,127 [INFO] DbMcusAds:125 - Set database path to: /Users/tungnguyen/.stmcufinder/plugins/mcufinder//mcu/
2024-06-29 11:14:11,130 [INFO] CrossReferenceDbSqlite:203 - Set database path to: /Users/tungnguyen/.stmcufinder/plugins/mcufinder//mcu/cs/
2024-06-29 11:14:11,251 [INFO] RulesReader:64 - Compatibility file has been processed (297 Rules)
2024-06-29 11:14:11,325 [INFO] DbMcusXml:78 - Set database path to: /Applications/STM32CubeIDE.app/Contents/Eclipse/plugins/com.st.stm32cube.common.mx_6.11.1.202404110753//db//mcu/
2024-06-29 11:14:11,325 [INFO] ApiDb:274 - Set plugin database path to: /Applications/STM32CubeIDE.app/Contents/Eclipse/plugins/com.st.stm32cube.common.mx_6.11.1.202404110753//db//plugins/boardmanager/
2024-06-29 11:14:11,325 [INFO] ApiDb:261 - Set plugin images path to: /Applications/STM32CubeIDE.app/Contents/Eclipse/plugins/com.st.stm32cube.common.mx_6.11.1.202404110753//db//plugins/mcufinder/images/
2024-06-29 11:14:11,325 [WARN] DbFile:41 - Overriding database path with different value: /Users/tungnguyen/.stmcufinder/plugins/mcufinder/ => /Users/tungnguyen/.stmcufinder/plugins/mcufinder
2024-06-29 11:14:11,325 [INFO] ApiDb:250 - Set database path to: /Users/tungnguyen/.stmcufinder/plugins/mcufinder//mcu/
2024-06-29 11:14:11,325 [WARN] DbFile:41 - Overriding database path with different value: /Users/tungnguyen/.stmcufinder/plugins/mcufinder/ => /Users/tungnguyen/.stmcufinder/plugins/mcufinder
2024-06-29 11:14:11,325 [INFO] DbMcusAds:125 - Set database path to: /Users/tungnguyen/.stmcufinder/plugins/mcufinder//mcu/
2024-06-29 11:14:11,326 [WARN] DbFile:41 - Overriding database path with different value: /Users/tungnguyen/.stmcufinder/plugins/mcufinder/ => /Users/tungnguyen/.stmcufinder/plugins/mcufinder
2024-06-29 11:14:11,326 [WARN] DbFile:41 - Overriding database path with different value: /Users/tungnguyen/.stmcufinder/plugins/mcufinder/ => /Users/tungnguyen/.stmcufinder/plugins/mcufinder
2024-06-29 11:14:11,326 [INFO] CrossReferenceDbSqlite:203 - Set database path to: /Users/tungnguyen/.stmcufinder/plugins/mcufinder//mcu/cs/
2024-06-29 11:14:11,399 [INFO] MainPanel:264 - HeapMemory: 268435456
2024-06-29 11:14:11,467 [INFO] DbMcusXml:78 - Set database path to: /Applications/STM32CubeIDE.app/Contents/Eclipse/plugins/com.st.stm32cube.common.mx_6.11.1.202404110753//db//mcu/
2024-06-29 11:14:11,467 [INFO] ApiDb:274 - Set plugin database path to: /Applications/STM32CubeIDE.app/Contents/Eclipse/plugins/com.st.stm32cube.common.mx_6.11.1.202404110753//db//plugins/boardmanager/
2024-06-29 11:14:11,467 [INFO] ApiDb:261 - Set plugin images path to: /Applications/STM32CubeIDE.app/Contents/Eclipse/plugins/com.st.stm32cube.common.mx_6.11.1.202404110753//db//plugins/mcufinder/images/
2024-06-29 11:14:11,468 [WARN] DbFile:41 - Overriding database path with different value: /Users/tungnguyen/.stmcufinder/plugins/mcufinder/ => /Users/tungnguyen/.stmcufinder/plugins/mcufinder
2024-06-29 11:14:11,468 [INFO] ApiDb:250 - Set database path to: /Users/tungnguyen/.stmcufinder/plugins/mcufinder//mcu/
2024-06-29 11:14:11,468 [WARN] DbFile:41 - Overriding database path with different value: /Users/tungnguyen/.stmcufinder/plugins/mcufinder/ => /Users/tungnguyen/.stmcufinder/plugins/mcufinder
2024-06-29 11:14:11,468 [INFO] DbMcusAds:125 - Set database path to: /Users/tungnguyen/.stmcufinder/plugins/mcufinder//mcu/
2024-06-29 11:14:11,468 [WARN] DbFile:41 - Overriding database path with different value: /Users/tungnguyen/.stmcufinder/plugins/mcufinder/ => /Users/tungnguyen/.stmcufinder/plugins/mcufinder
2024-06-29 11:14:11,468 [WARN] DbFile:41 - Overriding database path with different value: /Users/tungnguyen/.stmcufinder/plugins/mcufinder/ => /Users/tungnguyen/.stmcufinder/plugins/mcufinder
2024-06-29 11:14:11,469 [INFO] CrossReferenceDbSqlite:203 - Set database path to: /Users/tungnguyen/.stmcufinder/plugins/mcufinder//mcu/cs/
2024-06-29 11:14:11,483 [INFO] ApplicationProperties:184 - Using Application install path: /Applications/STM32CubeIDE.app/Contents/Eclipse/plugins/com.st.stm32cube.common.mx_6.11.1.202404110753
2024-06-29 11:14:11,485 [INFO] PluginManage:196 - Search for loadable plugins [exclusion list=, ]
2024-06-29 11:14:11,487 [INFO] PluginManage:310 - Check plugin analytics
2024-06-29 11:14:11,664 [INFO] AnalyticsPlugin:253 - Accepted Software Licenses: 
2024-06-29 11:14:11,664 [INFO] AnalyticsPlugin:255 - Accepted CMSIS Pack Licenses: 
2024-06-29 11:14:11,665 [INFO] AnalyticsPlugin:257 - Accepted Firmware Licenses: 
2024-06-29 11:14:11,667 [INFO] PluginManage:359 - Loaded plugin analytics (category:tool,tabindex:-1)
2024-06-29 11:14:11,667 [INFO] PluginManage:310 - Check plugin cadmodel
2024-06-29 11:14:12,393 [INFO] CADModel:105 - Init CAD model plugin
2024-06-29 11:14:12,393 [INFO] PluginManage:359 - Loaded plugin cadmodel (category:power,tabindex:5)
2024-06-29 11:14:12,393 [INFO] PluginManage:310 - Check plugin clock
2024-06-29 11:14:12,407 [INFO] PluginManage:359 - Loaded plugin clock (category:base,tabindex:2)
2024-06-29 11:14:12,407 [INFO] PluginManage:310 - Check plugin ddr
2024-06-29 11:14:12,410 [INFO] PluginManage:359 - Loaded plugin ddr (category:tool,tabindex:6)
2024-06-29 11:14:12,410 [INFO] PluginManage:310 - Check plugin filemanager
2024-06-29 11:14:12,564 [INFO] PluginManage:359 - Loaded plugin filemanager (category:base,tabindex:10)
2024-06-29 11:14:12,564 [INFO] PluginManage:310 - Check plugin ipmanager
2024-06-29 11:14:12,573 [INFO] PluginManage:359 - Loaded plugin ipmanager (category:base,tabindex:5)
2024-06-29 11:14:12,573 [INFO] PluginManage:310 - Check plugin lpbam
2024-06-29 11:14:12,582 [INFO] PluginManage:359 - Loaded plugin lpbam (category:base,tabindex:0)
2024-06-29 11:14:12,582 [INFO] PluginManage:310 - Check plugin memorymap
2024-06-29 11:14:12,598 [INFO] PluginManage:359 - Loaded plugin memorymap (category:base,tabindex:4)
2024-06-29 11:14:12,598 [INFO] PluginManage:310 - Check plugin pinoutandconfiguration
2024-06-29 11:14:12,609 [INFO] PluginManage:359 - Loaded plugin pinoutandconfiguration (category:base,tabindex:1)
2024-06-29 11:14:12,609 [INFO] PluginManage:310 - Check plugin pinoutconfig
2024-06-29 11:14:12,747 [WARN] SupportedApi:132 - Cannot load RTOS API schema: s4s-elt-must-match.1: The content of 'definitions' must match (annotation?, (simpleType | complexType)?, (unique | key | keyref)*)). A problem was found starting at: attribute.
2024-06-29 11:14:12,901 [INFO] PluginManage:359 - Loaded plugin pinoutconfig (category:base,tabindex:0)
2024-06-29 11:14:12,901 [INFO] PluginManage:310 - Check plugin power
2024-06-29 11:14:12,914 [INFO] PluginManage:359 - Loaded plugin power (category:power,tabindex:4)
2024-06-29 11:14:12,914 [INFO] PluginManage:310 - Check plugin projectmanager
2024-06-29 11:14:12,930 [INFO] PluginManage:359 - Loaded plugin projectmanager (category:projectmanager,tabindex:3)
2024-06-29 11:14:12,931 [INFO] PluginManage:310 - Check plugin thirdparty
2024-06-29 11:14:13,048 [WARN] IntegrityCheckThread:84 - waiting for thirdparty lock release [integrity check]
2024-06-29 11:14:13,048 [INFO] PluginManage:359 - Loaded plugin thirdparty (category:base,tabindex:-1)
2024-06-29 11:14:13,048 [INFO] IntegrityCheckThread:86 - entering critical section [integrity check]
2024-06-29 11:14:13,048 [INFO] PluginManage:310 - Check plugin tools
2024-06-29 11:14:13,049 [INFO] ThirdPartyUpdaterWithRetryManager:70 - Updater plugin not ready yet. [1/15]
2024-06-29 11:14:13,051 [INFO] PluginManage:359 - Loaded plugin tools (category:base,tabindex:7)
2024-06-29 11:14:13,051 [INFO] PluginManage:310 - Check plugin tutovideos
2024-06-29 11:14:13,253 [INFO] PluginManage:359 - Loaded plugin tutovideos (category:base,tabindex:-1)
2024-06-29 11:14:13,253 [INFO] PluginManage:310 - Check plugin updater
2024-06-29 11:14:13,266 [INFO] PluginManage:359 - Loaded plugin updater (category:base,tabindex:12)
2024-06-29 11:14:13,266 [INFO] PluginManage:310 - Check plugin userauth
2024-06-29 11:14:13,272 [INFO] UserAuth:114 - Init User Auth plugin
2024-06-29 11:14:13,272 [INFO] PluginManage:359 - Loaded plugin userauth (category:base,tabindex:14)
2024-06-29 11:14:13,273 [INFO] PluginManage:283 - PluginManage : Loaded plugins [17]
2024-06-29 11:14:13,461 [INFO] PinOutPanel:1561 - setPackage(No Configuration,No Configuration)
2024-06-29 11:14:13,532 [INFO] CADModel:165 - CPN selected for project level
2024-06-29 11:14:13,532 [INFO] CADModel:114 - Register for checkConnection events
2024-06-29 11:14:13,544 [INFO] IPUIPlugin:80 - create IPUIPlugin
2024-06-29 11:14:13,544 [INFO] PluginManager:220 - loadIPPluginJar : add mdma
2024-06-29 11:14:13,553 [INFO] IPUIPlugin:80 - create IPUIPlugin
2024-06-29 11:14:13,554 [INFO] PluginManager:220 - loadIPPluginJar : add freertos
2024-06-29 11:14:13,559 [INFO] IPUIPlugin:80 - create IPUIPlugin
2024-06-29 11:14:13,560 [INFO] PluginManager:220 - loadIPPluginJar : add gic
2024-06-29 11:14:13,568 [INFO] IPUIPlugin:80 - create IPUIPlugin
2024-06-29 11:14:13,568 [INFO] PluginManager:220 - loadIPPluginJar : add adc
2024-06-29 11:14:13,572 [INFO] IPUIPlugin:80 - create IPUIPlugin
2024-06-29 11:14:13,572 [INFO] PluginManager:220 - loadIPPluginJar : add gtzc
2024-06-29 11:14:13,574 [INFO] IPUIPlugin:80 - create IPUIPlugin
2024-06-29 11:14:13,574 [INFO] PluginManager:220 - loadIPPluginJar : add quadspi
2024-06-29 11:14:13,576 [INFO] IPUIPlugin:80 - create IPUIPlugin
2024-06-29 11:14:13,576 [INFO] PluginManager:220 - loadIPPluginJar : add aes
2024-06-29 11:14:13,579 [INFO] IPUIPlugin:80 - create IPUIPlugin
2024-06-29 11:14:13,579 [INFO] PluginManager:220 - loadIPPluginJar : add pdm2pcm
2024-06-29 11:14:13,581 [INFO] IPUIPlugin:80 - create IPUIPlugin
2024-06-29 11:14:13,581 [INFO] PluginManager:220 - loadIPPluginJar : add hash
2024-06-29 11:14:13,583 [INFO] IPUIPlugin:80 - create IPUIPlugin
2024-06-29 11:14:13,583 [INFO] PluginManager:220 - loadIPPluginJar : add tim
2024-06-29 11:14:13,585 [INFO] IPUIPlugin:80 - create IPUIPlugin
2024-06-29 11:14:13,585 [INFO] PluginManager:220 - loadIPPluginJar : add tsc
2024-06-29 11:14:13,588 [INFO] IPUIPlugin:80 - create IPUIPlugin
2024-06-29 11:14:13,588 [INFO] PluginManager:220 - loadIPPluginJar : add extmemmanager
2024-06-29 11:14:13,590 [INFO] IPUIPlugin:80 - create IPUIPlugin
2024-06-29 11:14:13,590 [INFO] PluginManager:220 - loadIPPluginJar : add ts
2024-06-29 11:14:13,593 [INFO] IPUIPlugin:80 - create IPUIPlugin
2024-06-29 11:14:13,593 [INFO] PluginManager:220 - loadIPPluginJar : add can
2024-06-29 11:14:13,595 [INFO] IPUIPlugin:80 - create IPUIPlugin
2024-06-29 11:14:13,595 [INFO] PluginManager:220 - loadIPPluginJar : add dma3
2024-06-29 11:14:13,596 [INFO] IPUIPlugin:80 - create IPUIPlugin
2024-06-29 11:14:13,596 [INFO] PluginManager:220 - loadIPPluginJar : add dfsdm
2024-06-29 11:14:13,598 [INFO] IPUIPlugin:80 - create IPUIPlugin
2024-06-29 11:14:13,598 [INFO] PluginManager:220 - loadIPPluginJar : add spi
2024-06-29 11:14:13,600 [INFO] IPUIPlugin:80 - create IPUIPlugin
2024-06-29 11:14:13,600 [INFO] PluginManager:220 - loadIPPluginJar : add gfxmmu
2024-06-29 11:14:13,602 [INFO] IPUIPlugin:80 - create IPUIPlugin
2024-06-29 11:14:13,602 [INFO] PluginManager:220 - loadIPPluginJar : add genericplugin
2024-06-29 11:14:13,604 [INFO] IPUIPlugin:80 - create IPUIPlugin
2024-06-29 11:14:13,604 [INFO] PluginManager:220 - loadIPPluginJar : add cryp
2024-06-29 11:14:13,608 [INFO] IPUIPlugin:80 - create IPUIPlugin
2024-06-29 11:14:13,608 [INFO] PluginManager:220 - loadIPPluginJar : add gpio
2024-06-29 11:14:13,609 [INFO] IPUIPlugin:80 - create IPUIPlugin
2024-06-29 11:14:13,609 [INFO] PluginManager:220 - loadIPPluginJar : add comp
2024-06-29 11:14:13,611 [INFO] IPUIPlugin:80 - create IPUIPlugin
2024-06-29 11:14:13,611 [INFO] PluginManager:220 - loadIPPluginJar : add tracer_emb
2024-06-29 11:14:13,614 [INFO] IPUIPlugin:80 - create IPUIPlugin
2024-06-29 11:14:13,614 [INFO] PluginManager:220 - loadIPPluginJar : add openamp
2024-06-29 11:14:13,618 [INFO] IPUIPlugin:80 - create IPUIPlugin
2024-06-29 11:14:13,619 [INFO] PluginManager:220 - loadIPPluginJar : add stm32_wpan
2024-06-29 11:14:13,625 [INFO] IPUIPlugin:80 - create IPUIPlugin
2024-06-29 11:14:13,627 [INFO] PluginManager:220 - loadIPPluginJar : add plateformsettings
2024-06-29 11:14:13,631 [INFO] IPUIPlugin:80 - create IPUIPlugin
2024-06-29 11:14:13,632 [INFO] PluginManager:220 - loadIPPluginJar : add ipddr
2024-06-29 11:14:13,634 [INFO] IPUIPlugin:80 - create IPUIPlugin
2024-06-29 11:14:13,635 [INFO] PluginManager:220 - loadIPPluginJar : add usart
2024-06-29 11:14:13,637 [INFO] IPUIPlugin:80 - create IPUIPlugin
2024-06-29 11:14:13,637 [INFO] PluginManager:220 - loadIPPluginJar : add ltdc
2024-06-29 11:14:13,642 [INFO] IPUIPlugin:80 - create IPUIPlugin
2024-06-29 11:14:13,642 [INFO] PluginManager:220 - loadIPPluginJar : add nvic
2024-06-29 11:14:13,643 [INFO] IPUIPlugin:80 - create IPUIPlugin
2024-06-29 11:14:13,643 [INFO] PluginManager:220 - loadIPPluginJar : add fatfs
2024-06-29 11:14:13,649 [INFO] IPUIPlugin:80 - create IPUIPlugin
2024-06-29 11:14:13,649 [INFO] PluginManager:220 - loadIPPluginJar : add linkedlist
2024-06-29 11:14:13,655 [INFO] IPUIPlugin:80 - create IPUIPlugin
2024-06-29 11:14:13,656 [INFO] PluginManager:220 - loadIPPluginJar : add dma
2024-06-29 11:14:13,660 [INFO] IPUIPlugin:80 - create IPUIPlugin
2024-06-29 11:14:13,660 [INFO] PluginManager:220 - loadIPPluginJar : add fmc
2024-06-29 11:14:13,662 [INFO] IPUIPlugin:80 - create IPUIPlugin
2024-06-29 11:14:13,662 [INFO] PluginManager:220 - loadIPPluginJar : add i2s
2024-06-29 11:14:13,664 [INFO] IPUIPlugin:80 - create IPUIPlugin
2024-06-29 11:14:13,664 [INFO] PluginManager:220 - loadIPPluginJar : add ucpd
2024-06-29 11:14:13,666 [INFO] IPUIPlugin:80 - create IPUIPlugin
2024-06-29 11:14:13,666 [INFO] PluginManager:220 - loadIPPluginJar : add lorawan
2024-06-29 11:14:13,669 [INFO] IPUIPlugin:80 - create IPUIPlugin
2024-06-29 11:14:13,669 [INFO] PluginManager:220 - loadIPPluginJar : add opamp
2024-06-29 11:14:13,673 [INFO] IPUIPlugin:80 - create IPUIPlugin
2024-06-29 11:14:13,673 [INFO] PluginManager:220 - loadIPPluginJar : add i3c
2024-06-29 11:14:13,676 [INFO] IPUIPlugin:80 - create IPUIPlugin
2024-06-29 11:14:13,676 [INFO] PluginManager:220 - loadIPPluginJar : add touchsensing
2024-06-29 11:14:13,678 [INFO] IPUIPlugin:80 - create IPUIPlugin
2024-06-29 11:14:13,678 [INFO] PluginManager:220 - loadIPPluginJar : add i2c
2024-06-29 11:14:13,681 [INFO] IPUIPlugin:80 - create IPUIPlugin
2024-06-29 11:14:13,681 [INFO] PluginManager:220 - loadIPPluginJar : add resmgrutility
2024-06-29 11:14:13,685 [INFO] IPUIPlugin:80 - create IPUIPlugin
2024-06-29 11:14:13,685 [INFO] PluginManager:220 - loadIPPluginJar : add sai
2024-06-29 11:14:13,688 [INFO] IPUIPlugin:80 - create IPUIPlugin
2024-06-29 11:14:13,688 [INFO] PluginManager:220 - loadIPPluginJar : add usbx
2024-06-29 11:14:13,796 [INFO] CADModel:165 - CPN selected for project level
2024-06-29 11:14:13,796 [INFO] CADModel:114 - Register for checkConnection events
2024-06-29 11:14:13,797 [FATAL] Updater:308 - Updater called before beeing initialized
2024-06-29 11:14:13,797 [ERROR] CADModel:125 - Updater not yet initialized, retry later 
2024-06-29 11:14:13,989 [INFO] CADModel:165 - CPN selected for project level
2024-06-29 11:14:13,990 [INFO] CADModel:114 - Register for checkConnection events
2024-06-29 11:14:13,990 [FATAL] Updater:308 - Updater called before beeing initialized
2024-06-29 11:14:13,990 [ERROR] CADModel:125 - Updater not yet initialized, retry later 
2024-06-29 11:14:13,993 [FATAL] Updater:308 - Updater called before beeing initialized
2024-06-29 11:14:14,074 [FATAL] Updater:308 - Updater called before beeing initialized
2024-06-29 11:14:14,079 [INFO] DbMcusAds:53 - JSON generation date=Thu Sep 30 13:55:09 ICT 2021 (1632984909247)
2024-06-29 11:14:14,079 [FATAL] Updater:308 - Updater called before beeing initialized
2024-06-29 11:14:14,146 [WARN] DetailPanel:346 - Failed to get advertising image, set to default
2024-06-29 11:14:14,242 [FATAL] Updater:308 - Updater called before beeing initialized
2024-06-29 11:14:14,243 [FATAL] Updater:308 - Updater called before beeing initialized
2024-06-29 11:14:14,243 [FATAL] Updater:308 - Updater called before beeing initialized
2024-06-29 11:14:14,244 [WARN] DetailPanel:346 - Failed to get advertising image, set to default
2024-06-29 11:14:14,244 [FATAL] Updater:308 - Updater called before beeing initialized
2024-06-29 11:14:14,274 [ERROR] Updater:1120 - MainUpdater not yet initialized. External WinMGr cannot be set.
2024-06-29 11:14:14,275 [INFO] Updater:1056 - Updater Version found : 6.11.1
2024-06-29 11:14:14,293 [INFO] ApplicationProperties:184 - Using Application install path: /Applications/STM32CubeIDE.app/Contents/Eclipse/plugins/com.st.stm32cube.common.mx_6.11.1.202404110753
2024-06-29 11:14:14,635 [INFO] MainUpdater:2873 - connection check result : 10
2024-06-29 11:14:14,636 [INFO] MainUpdater:290 - Updater Check For Update Now.
2024-06-29 11:14:14,636 [INFO] MicroXplorer:498 - Change Database Version : DB.6.0.111
2024-06-29 11:14:14,641 [INFO] McuFinderGlobals:63 - Set McuFinder mode to 2 (CubeIDE integrated)
2024-06-29 11:14:14,641 [INFO] UserAuth:179 - activating auth plugin
2024-06-29 11:14:14,644 [INFO] UserAuth:415 - Internet connection configuration mode: 1
2024-06-29 11:14:14,661 [INFO] JxBrowserEngine:152 - Initiate JxBrowser Engine with user profile folder
2024-06-29 11:14:14,819 [INFO] CheckServerUpdateThread:120 - End of CheckServer Thread
2024-06-29 11:14:16,863 [WARN] PackLoader:240 - Cannot read IP mode file for STMicroelectronics.FP-SNS-MOTENVWB1.1.4.0
2024-06-29 11:14:16,937 [WARN] PackLoader:240 - Cannot read IP mode file for STMicroelectronics.X-CUBE-SMBUS.2.1.0
2024-06-29 11:14:16,975 [INFO] WebApp:161 - Instantiating new browser for Auth
2024-06-29 11:14:17,065 [WARN] PackLoader:240 - Cannot read IP mode file for STMicroelectronics.X-CUBE-AZRTOS-F7.1.1.0
2024-06-29 11:14:17,146 [WARN] PackLoader:240 - Cannot read IP mode file for STMicroelectronics.FP-SNS-FLIGHT1.5.0.2
2024-06-29 11:14:17,243 [WARN] PackLoader:240 - Cannot read IP mode file for STMicroelectronics.X-CUBE-DISPLAY.3.0.0
2024-06-29 11:14:17,352 [WARN] PackLoader:240 - Cannot read IP mode file for STMicroelectronics.X-CUBE-BLE1.7.0.0
2024-06-29 11:14:17,565 [WARN] PackLoader:240 - Cannot read IP mode file for emotas.I-CUBE-CANOPEN.1.3.0
2024-06-29 11:14:17,665 [WARN] PackLoader:240 - Cannot read IP mode file for STMicroelectronics.X-CUBE-BLEMGR.3.1.0
2024-06-29 11:14:17,702 [WARN] PackLoader:240 - Cannot read IP mode file for STMicroelectronics.FP-SNS-SMARTAG2.1.2.0
2024-06-29 11:14:17,804 [INFO] LogOutputStream:77 - [STDOUT_REDIRECT] 1 : Invalid condition id : UX_CORESTACK_Condition cause : null
2024-06-29 11:14:17,823 [INFO] LogOutputStream:77 - [STDOUT_REDIRECT] 1 : Invalid condition id : UX_CORESTACK_Condition cause : null
2024-06-29 11:14:17,849 [INFO] LogOutputStream:77 - [STDOUT_REDIRECT] 1 : Invalid condition id : UX_CORESTACK_Condition cause : null
2024-06-29 11:14:17,850 [INFO] LogOutputStream:77 - [STDOUT_REDIRECT] 1 : Invalid condition id : UX_CORESTACK_Condition cause : null
2024-06-29 11:14:17,869 [INFO] LogOutputStream:77 - [STDOUT_REDIRECT] 1 : Invalid condition id : UX_CORESTACK_Condition cause : null
2024-06-29 11:14:17,896 [WARN] PackLoader:240 - Cannot read IP mode file for STMicroelectronics.X-CUBE-AZRTOS-WL.2.0.0
2024-06-29 11:14:17,951 [WARN] PackLoader:240 - Cannot read IP mode file for STMicroelectronics.FP-SNS-MOTENV1.5.0.0
2024-06-29 11:14:17,991 [WARN] PackLoader:240 - Cannot read IP mode file for wolfSSL.I-CUBE-wolfMQTT.1.19.0
2024-06-29 11:14:18,070 [WARN] PackLoader:240 - Cannot read IP mode file for WES.I-CUBE-Cesium.1.3.0
2024-06-29 11:14:18,130 [WARN] PackLoader:240 - Cannot read IP mode file for STMicroelectronics.X-CUBE-BLE2.3.3.0
2024-06-29 11:14:18,185 [WARN] PackLoader:240 - Cannot read IP mode file for STMicroelectronics.X-CUBE-TCPP.4.1.0
2024-06-29 11:14:18,233 [WARN] PackLoader:240 - Cannot read IP mode file for STMicroelectronics.X-CUBE-AZRTOS-G0.1.1.0
2024-06-29 11:14:18,240 [INFO] WebApp:779 - Register for checkConnection events
2024-06-29 11:14:18,248 [INFO] WebApp:414 - Apply proxy settings
2024-06-29 11:14:18,254 [INFO] WebApp:459 - Chromium authenticates against Manually configured proxy
2024-06-29 11:14:18,272 [WARN] PackLoader:240 - Cannot read IP mode file for STMicroelectronics.X-CUBE-SAFEA1.1.2.2
2024-06-29 11:14:18,279 [INFO] WebApp:467 - Username used for proxy authentication: 
2024-06-29 11:14:18,311 [WARN] PackLoader:240 - Cannot read IP mode file for STMicroelectronics.X-CUBE-NFC4.3.0.0
2024-06-29 11:14:18,369 [WARN] PackLoader:240 - Cannot read IP mode file for wolfSSL.I-CUBE-wolfSSL.5.7.0
2024-06-29 11:14:18,388 [WARN] PackLoader:240 - Cannot read IP mode file for STMicroelectronics.FP-ATR-SIGFOX1.3.2.0
2024-06-29 11:14:18,414 [WARN] PackLoader:240 - Cannot read IP mode file for STMicroelectronics.X-CUBE-EEPRMA1.5.1.0
2024-06-29 11:14:18,427 [WARN] PackLoader:240 - Cannot read IP mode file for ITTIA_DB.I-CUBE-ITTIADB.8.9.0
2024-06-29 11:14:18,461 [WARN] PackLoader:240 - Cannot read IP mode file for SEGGER.I-CUBE-embOS.1.3.1
2024-06-29 11:14:18,503 [WARN] PackLoader:240 - Cannot read IP mode file for STMicroelectronics.X-CUBE-ALGOBUILD.1.4.0
2024-06-29 11:14:18,509 [WARN] PackLoader:240 - Cannot read IP mode file for STMicroelectronics.X-CUBE-GNSS1.6.0.0
2024-06-29 11:14:18,526 [WARN] PackLoader:240 - Cannot read IP mode file for STMicroelectronics.X-CUBE-AZRTOS-F4.1.1.0
2024-06-29 11:14:18,533 [WARN] PackLoader:240 - Cannot read IP mode file for STMicroelectronics.X-CUBE-FREERTOS.1.2.0
2024-06-29 11:14:18,552 [WARN] PackLoader:240 - Cannot read IP mode file for STMicroelectronics.X-CUBE-AZRTOS-L5.2.0.0
2024-06-29 11:14:18,561 [WARN] PackLoader:240 - Cannot read IP mode file for STMicroelectronics.X-CUBE-NFC6.3.1.0
2024-06-29 11:14:18,572 [WARN] PackLoader:240 - Cannot read IP mode file for STMicroelectronics.X-CUBE-AI.9.0.0
2024-06-29 11:14:18,577 [WARN] PackLoader:240 - Cannot read IP mode file for STMicroelectronics.X-CUBE-NFC7.1.0.1
2024-06-29 11:14:18,597 [WARN] ConditionMgr:438 - getConditionDescription Invalid condition id : LAN8742 Phy interface Condition cause : null
2024-06-29 11:14:18,597 [WARN] PackLoader:240 - Cannot read IP mode file for STMicroelectronics.X-CUBE-AZRTOS-L4.2.0.0
2024-06-29 11:14:18,598 [INFO] WebApp:192 - Starting web application
2024-06-29 11:14:18,598 [INFO] WebApp:544 - Web application path used /Applications/STM32CubeIDE.app/Contents/Eclipse/plugins/com.st.stm32cube.common.mx_6.11.1.202404110753/db/plugins/mcufinder/reactClient1/index.html
2024-06-29 11:14:18,598 [WARN] ConditionMgr:1039 - genDependencies : Invalid condition id : LAN8742 Phy interface Condition cause : null
2024-06-29 11:14:18,599 [WARN] ConditionMgr:1039 - genDependencies : Invalid condition id : LAN8742 Phy interface Condition cause : null
2024-06-29 11:14:18,599 [WARN] ConditionMgr:1039 - genDependencies : Invalid condition id : LAN8742 Phy interface Condition cause : null
2024-06-29 11:14:18,606 [WARN] PackLoader:240 - Cannot read IP mode file for STMicroelectronics.X-CUBE-SFXS2LP1.4.0.0
2024-06-29 11:14:18,618 [WARN] ConditionMgr:438 - getConditionDescription Invalid condition id : UX DEVICE CLASS RTOS Condition cause : null
2024-06-29 11:14:18,619 [WARN] ConditionMgr:438 - getConditionDescription Invalid condition id : UX DEVICE CLASS RTOS Condition cause : null
2024-06-29 11:14:18,622 [WARN] PackLoader:240 - Cannot read IP mode file for STMicroelectronics.X-CUBE-AZRTOS-WB.2.0.0
2024-06-29 11:14:18,623 [WARN] ConditionMgr:1039 - genDependencies : Invalid condition id : UX DEVICE CLASS RTOS Condition cause : null
2024-06-29 11:14:18,623 [WARN] ConditionMgr:1039 - genDependencies : Invalid condition id : UX DEVICE CLASS RTOS Condition cause : null
2024-06-29 11:14:18,624 [WARN] ConditionMgr:1039 - genDependencies : Invalid condition id : UX DEVICE CLASS RTOS Condition cause : null
2024-06-29 11:14:18,624 [WARN] ConditionMgr:1039 - genDependencies : Invalid condition id : UX DEVICE CLASS RTOS Condition cause : null
2024-06-29 11:14:18,624 [WARN] ConditionMgr:1039 - genDependencies : Invalid condition id : UX DEVICE CLASS RTOS Condition cause : null
2024-06-29 11:14:18,633 [WARN] PackLoader:240 - Cannot read IP mode file for STMicroelectronics.X-CUBE-SUBG2.5.0.0
2024-06-29 11:14:18,645 [WARN] PackLoader:240 - Cannot read IP mode file for Cesanta.I-CUBE-Mongoose.7.13.0
2024-06-29 11:14:18,659 [WARN] PackLoader:240 - Cannot read IP mode file for STMicroelectronics.X-CUBE-AZRTOS-G4.2.0.0
2024-06-29 11:14:18,664 [WARN] PackLoader:240 - Cannot read IP mode file for STMicroelectronics.X-CUBE-ISPU.2.0.0
2024-06-29 11:14:18,668 [WARN] PackLoader:240 - Cannot read IP mode file for STMicroelectronics.X-CUBE-ALS.1.0.2
2024-06-29 11:14:18,702 [WARN] PackLoader:240 - Cannot read IP mode file for STMicroelectronics.X-CUBE-MEMS1.10.0.0
2024-06-29 11:14:18,915 [WARN] PackLoader:240 - Cannot read IP mode file for STMicroelectronics.X-CUBE-TOUCHGFX.4.24.0
2024-06-29 11:14:18,920 [WARN] PackLoader:240 - Cannot read IP mode file for portGmbH.I-Cube-SoM-uGOAL.1.1.0
2024-06-29 11:14:18,943 [WARN] PackLoader:240 - Cannot read IP mode file for STMicroelectronics.X-CUBE-AZRTOS-H7RS.1.0.0
2024-06-29 11:14:18,949 [WARN] PackLoader:240 - Cannot read IP mode file for STMicroelectronics.FP-ATR-ASTRA1.2.0.0
2024-06-29 11:14:18,961 [WARN] PackLoader:240 - Cannot read IP mode file for STMicroelectronics.X-CUBE-TOF1.3.4.1
2024-06-29 11:14:19,001 [WARN] PackLoader:240 - Cannot read IP mode file for STMicroelectronics.X-CUBE-AZRTOS-H7.3.2.0
2024-06-29 11:14:19,021 [WARN] PackLoader:240 - Cannot read IP mode file for Infineon.AIROC-Wi-Fi-Bluetooth-STM32.1.6.0
2024-06-29 11:14:19,028 [INFO] ThirdParty:978 - Integrity check success = true
2024-06-29 11:14:19,028 [INFO] IntegrityCheckThread:100 - exiting critical section [integrity check]
2024-06-29 11:14:19,028 [INFO] IntegrityCheckThread:103 - End integrity checks thread
2024-06-29 11:14:24,830 [ERROR] LogOutputStream:75 - [STDERR_REDIRECT] [Fatal Error] :2:10: DOCTYPE is disallowed when the feature "http://apache.org/xml/features/disallow-doctype-decl" set to true.
2024-06-29 11:14:24,830 [ERROR] LogOutputStream:75 - [STDERR_REDIRECT] 
2024-06-29 11:14:28,082 [ERROR] LogOutputStream:75 - [STDERR_REDIRECT] 
